[2022-01-21 19:40:41] local.ERROR: SQLSTATE[HY000] [1045] Access denied for user 'php'@'localhost' (using password: YES) (SQL: select * from information_schema.tables where table_schema = facebook_comment and table_name = migrations and table_type = 'BASE TABLE') {"exception":"[object] (Illuminate\\Database\\QueryException(code: 1045): SQLSTATE[HY000] [1045] Access denied for user 'php'@'localhost' (using password: YES) (SQL: select * from information_schema.tables where table_schema = facebook_comment and table_name = migrations and table_type = 'BASE TABLE') at /var/www/html/personal-projects/facebook-comments-admin2/vendor/laravel/framework/src/Illuminate/Database/Connection.php:712)
[stacktrace]
#0 /var/www/html/personal-projects/facebook-comments-admin2/vendor/laravel/framework/src/Illuminate/Database/Connection.php(672): Illuminate\\Database\\Connection->runQueryCallback()
#1 /var/www/html/personal-projects/facebook-comments-admin2/vendor/laravel/framework/src/Illuminate/Database/Connection.php(376): Illuminate\\Database\\Connection->run()
#2 /var/www/html/personal-projects/facebook-comments-admin2/vendor/laravel/framework/src/Illuminate/Database/Schema/MySqlBuilder.php(44): Illuminate\\Database\\Connection->select()
#3 /var/www/html/personal-projects/facebook-comments-admin2/vendor/laravel/framework/src/Illuminate/Database/Migrations/DatabaseMigrationRepository.php(169): Illuminate\\Database\\Schema\\MySqlBuilder->hasTable()
#4 /var/www/html/personal-projects/facebook-comments-admin2/vendor/laravel/framework/src/Illuminate/Database/Migrations/Migrator.php(652): Illuminate\\Database\\Migrations\\DatabaseMigrationRepository->repositoryExists()
#5 /var/www/html/personal-projects/facebook-comments-admin2/vendor/laravel/framework/src/Illuminate/Database/Console/Migrations/ResetCommand.php(62): Illuminate\\Database\\Migrations\\Migrator->repositoryExists()
#6 /var/www/html/personal-projects/facebook-comments-admin2/vendor/laravel/framework/src/Illuminate/Database/Migrations/Migrator.php(585): Illuminate\\Database\\Console\\Migrations\\ResetCommand->Illuminate\\Database\\Console\\Migrations\\{closure}()
#7 /var/www/html/personal-projects/facebook-comments-admin2/vendor/laravel/framework/src/Illuminate/Database/Console/Migrations/ResetCommand.php(69): Illuminate\\Database\\Migrations\\Migrator->usingConnection()
#8 /var/www/html/personal-projects/facebook-comments-admin2/vendor/laravel/framework/src/Illuminate/Container/BoundMethod.php(36): Illuminate\\Database\\Console\\Migrations\\ResetCommand->handle()
#9 /var/www/html/personal-projects/facebook-comments-admin2/vendor/laravel/framework/src/Illuminate/Container/Util.php(40): Illuminate\\Container\\BoundMethod::Illuminate\\Container\\{closure}()
#10 /var/www/html/personal-projects/facebook-comments-admin2/vendor/laravel/framework/src/Illuminate/Container/BoundMethod.php(93): Illuminate\\Container\\Util::unwrapIfClosure()
#11 /var/www/html/personal-projects/facebook-comments-admin2/vendor/laravel/framework/src/Illuminate/Container/BoundMethod.php(37): Illuminate\\Container\\BoundMethod::callBoundMethod()
#12 /var/www/html/personal-projects/facebook-comments-admin2/vendor/laravel/framework/src/Illuminate/Container/Container.php(653): Illuminate\\Container\\BoundMethod::call()
#13 /var/www/html/personal-projects/facebook-comments-admin2/vendor/laravel/framework/src/Illuminate/Console/Command.php(136): Illuminate\\Container\\Container->call()
#14 /var/www/html/personal-projects/facebook-comments-admin2/vendor/symfony/console/Command/Command.php(298): Illuminate\\Console\\Command->execute()
#15 /var/www/html/personal-projects/facebook-comments-admin2/vendor/laravel/framework/src/Illuminate/Console/Command.php(121): Symfony\\Component\\Console\\Command\\Command->run()
#16 /var/www/html/personal-projects/facebook-comments-admin2/vendor/laravel/framework/src/Illuminate/Console/Concerns/CallsCommands.php(68): Illuminate\\Console\\Command->run()
#17 /var/www/html/personal-projects/facebook-comments-admin2/vendor/laravel/framework/src/Illuminate/Console/Concerns/CallsCommands.php(28): Illuminate\\Console\\Command->runCommand()
#18 /var/www/html/personal-projects/facebook-comments-admin2/vendor/laravel/framework/src/Illuminate/Database/Console/Migrations/RefreshCommand.php(110): Illuminate\\Console\\Command->call()
#19 /var/www/html/personal-projects/facebook-comments-admin2/vendor/laravel/framework/src/Illuminate/Database/Console/Migrations/RefreshCommand.php(55): Illuminate\\Database\\Console\\Migrations\\RefreshCommand->runReset()
#20 /var/www/html/personal-projects/facebook-comments-admin2/vendor/laravel/framework/src/Illuminate/Container/BoundMethod.php(36): Illuminate\\Database\\Console\\Migrations\\RefreshCommand->handle()
#21 /var/www/html/personal-projects/facebook-comments-admin2/vendor/laravel/framework/src/Illuminate/Container/Util.php(40): Illuminate\\Container\\BoundMethod::Illuminate\\Container\\{closure}()
#22 /var/www/html/personal-projects/facebook-comments-admin2/vendor/laravel/framework/src/Illuminate/Container/BoundMethod.php(93): Illuminate\\Container\\Util::unwrapIfClosure()
#23 /var/www/html/personal-projects/facebook-comments-admin2/vendor/laravel/framework/src/Illuminate/Container/BoundMethod.php(37): Illuminate\\Container\\BoundMethod::callBoundMethod()
#24 /var/www/html/personal-projects/facebook-comments-admin2/vendor/laravel/framework/src/Illuminate/Container/Container.php(653): Illuminate\\Container\\BoundMethod::call()
#25 /var/www/html/personal-projects/facebook-comments-admin2/vendor/laravel/framework/src/Illuminate/Console/Command.php(136): Illuminate\\Container\\Container->call()
#26 /var/www/html/personal-projects/facebook-comments-admin2/vendor/symfony/console/Command/Command.php(298): Illuminate\\Console\\Command->execute()
#27 /var/www/html/personal-projects/facebook-comments-admin2/vendor/laravel/framework/src/Illuminate/Console/Command.php(121): Symfony\\Component\\Console\\Command\\Command->run()
#28 /var/www/html/personal-projects/facebook-comments-admin2/vendor/symfony/console/Application.php(1005): Illuminate\\Console\\Command->run()
#29 /var/www/html/personal-projects/facebook-comments-admin2/vendor/symfony/console/Application.php(299): Symfony\\Component\\Console\\Application->doRunCommand()
#30 /var/www/html/personal-projects/facebook-comments-admin2/vendor/symfony/console/Application.php(171): Symfony\\Component\\Console\\Application->doRun()
#31 /var/www/html/personal-projects/facebook-comments-admin2/vendor/laravel/framework/src/Illuminate/Console/Application.php(94): Symfony\\Component\\Console\\Application->run()
#32 /var/www/html/personal-projects/facebook-comments-admin2/vendor/laravel/framework/src/Illuminate/Foundation/Console/Kernel.php(129): Illuminate\\Console\\Application->run()
#33 /var/www/html/personal-projects/facebook-comments-admin2/artisan(37): Illuminate\\Foundation\\Console\\Kernel->handle()
#34 {main}

[previous exception] [object] (PDOException(code: 1045): SQLSTATE[HY000] [1045] Access denied for user 'php'@'localhost' (using password: YES) at /var/www/html/personal-projects/facebook-comments-admin2/vendor/laravel/framework/src/Illuminate/Database/Connectors/Connector.php:70)
[stacktrace]
#0 /var/www/html/personal-projects/facebook-comments-admin2/vendor/laravel/framework/src/Illuminate/Database/Connectors/Connector.php(70): PDO->__construct()
#1 /var/www/html/personal-projects/facebook-comments-admin2/vendor/laravel/framework/src/Illuminate/Database/Connectors/Connector.php(46): Illuminate\\Database\\Connectors\\Connector->createPdoConnection()
#2 /var/www/html/personal-projects/facebook-comments-admin2/vendor/laravel/framework/src/Illuminate/Database/Connectors/MySqlConnector.php(24): Illuminate\\Database\\Connectors\\Connector->createConnection()
#3 /var/www/html/personal-projects/facebook-comments-admin2/vendor/laravel/framework/src/Illuminate/Database/Connectors/ConnectionFactory.php(184): Illuminate\\Database\\Connectors\\MySqlConnector->connect()
#4 [internal function]: Illuminate\\Database\\Connectors\\ConnectionFactory->Illuminate\\Database\\Connectors\\{closure}()
#5 /var/www/html/personal-projects/facebook-comments-admin2/vendor/laravel/framework/src/Illuminate/Database/Connection.php(1062): call_user_func()
#6 /var/www/html/personal-projects/facebook-comments-admin2/vendor/laravel/framework/src/Illuminate/Database/Connection.php(1098): Illuminate\\Database\\Connection->getPdo()
#7 /var/www/html/personal-projects/facebook-comments-admin2/vendor/laravel/framework/src/Illuminate/Database/Connection.php(442): Illuminate\\Database\\Connection->getReadPdo()
#8 /var/www/html/personal-projects/facebook-comments-admin2/vendor/laravel/framework/src/Illuminate/Database/Connection.php(368): Illuminate\\Database\\Connection->getPdoForSelect()
#9 /var/www/html/personal-projects/facebook-comments-admin2/vendor/laravel/framework/src/Illuminate/Database/Connection.php(705): Illuminate\\Database\\Connection->Illuminate\\Database\\{closure}()
#10 /var/www/html/personal-projects/facebook-comments-admin2/vendor/laravel/framework/src/Illuminate/Database/Connection.php(672): Illuminate\\Database\\Connection->runQueryCallback()
#11 /var/www/html/personal-projects/facebook-comments-admin2/vendor/laravel/framework/src/Illuminate/Database/Connection.php(376): Illuminate\\Database\\Connection->run()
#12 /var/www/html/personal-projects/facebook-comments-admin2/vendor/laravel/framework/src/Illuminate/Database/Schema/MySqlBuilder.php(44): Illuminate\\Database\\Connection->select()
#13 /var/www/html/personal-projects/facebook-comments-admin2/vendor/laravel/framework/src/Illuminate/Database/Migrations/DatabaseMigrationRepository.php(169): Illuminate\\Database\\Schema\\MySqlBuilder->hasTable()
#14 /var/www/html/personal-projects/facebook-comments-admin2/vendor/laravel/framework/src/Illuminate/Database/Migrations/Migrator.php(652): Illuminate\\Database\\Migrations\\DatabaseMigrationRepository->repositoryExists()
#15 /var/www/html/personal-projects/facebook-comments-admin2/vendor/laravel/framework/src/Illuminate/Database/Console/Migrations/ResetCommand.php(62): Illuminate\\Database\\Migrations\\Migrator->repositoryExists()
#16 /var/www/html/personal-projects/facebook-comments-admin2/vendor/laravel/framework/src/Illuminate/Database/Migrations/Migrator.php(585): Illuminate\\Database\\Console\\Migrations\\ResetCommand->Illuminate\\Database\\Console\\Migrations\\{closure}()
#17 /var/www/html/personal-projects/facebook-comments-admin2/vendor/laravel/framework/src/Illuminate/Database/Console/Migrations/ResetCommand.php(69): Illuminate\\Database\\Migrations\\Migrator->usingConnection()
#18 /var/www/html/personal-projects/facebook-comments-admin2/vendor/laravel/framework/src/Illuminate/Container/BoundMethod.php(36): Illuminate\\Database\\Console\\Migrations\\ResetCommand->handle()
#19 /var/www/html/personal-projects/facebook-comments-admin2/vendor/laravel/framework/src/Illuminate/Container/Util.php(40): Illuminate\\Container\\BoundMethod::Illuminate\\Container\\{closure}()
#20 /var/www/html/personal-projects/facebook-comments-admin2/vendor/laravel/framework/src/Illuminate/Container/BoundMethod.php(93): Illuminate\\Container\\Util::unwrapIfClosure()
#21 /var/www/html/personal-projects/facebook-comments-admin2/vendor/laravel/framework/src/Illuminate/Container/BoundMethod.php(37): Illuminate\\Container\\BoundMethod::callBoundMethod()
#22 /var/www/html/personal-projects/facebook-comments-admin2/vendor/laravel/framework/src/Illuminate/Container/Container.php(653): Illuminate\\Container\\BoundMethod::call()
#23 /var/www/html/personal-projects/facebook-comments-admin2/vendor/laravel/framework/src/Illuminate/Console/Command.php(136): Illuminate\\Container\\Container->call()
#24 /var/www/html/personal-projects/facebook-comments-admin2/vendor/symfony/console/Command/Command.php(298): Illuminate\\Console\\Command->execute()
#25 /var/www/html/personal-projects/facebook-comments-admin2/vendor/laravel/framework/src/Illuminate/Console/Command.php(121): Symfony\\Component\\Console\\Command\\Command->run()
#26 /var/www/html/personal-projects/facebook-comments-admin2/vendor/laravel/framework/src/Illuminate/Console/Concerns/CallsCommands.php(68): Illuminate\\Console\\Command->run()
#27 /var/www/html/personal-projects/facebook-comments-admin2/vendor/laravel/framework/src/Illuminate/Console/Concerns/CallsCommands.php(28): Illuminate\\Console\\Command->runCommand()
#28 /var/www/html/personal-projects/facebook-comments-admin2/vendor/laravel/framework/src/Illuminate/Database/Console/Migrations/RefreshCommand.php(110): Illuminate\\Console\\Command->call()
#29 /var/www/html/personal-projects/facebook-comments-admin2/vendor/laravel/framework/src/Illuminate/Database/Console/Migrations/RefreshCommand.php(55): Illuminate\\Database\\Console\\Migrations\\RefreshCommand->runReset()
#30 /var/www/html/personal-projects/facebook-comments-admin2/vendor/laravel/framework/src/Illuminate/Container/BoundMethod.php(36): Illuminate\\Database\\Console\\Migrations\\RefreshCommand->handle()
#31 /var/www/html/personal-projects/facebook-comments-admin2/vendor/laravel/framework/src/Illuminate/Container/Util.php(40): Illuminate\\Container\\BoundMethod::Illuminate\\Container\\{closure}()
#32 /var/www/html/personal-projects/facebook-comments-admin2/vendor/laravel/framework/src/Illuminate/Container/BoundMethod.php(93): Illuminate\\Container\\Util::unwrapIfClosure()
#33 /var/www/html/personal-projects/facebook-comments-admin2/vendor/laravel/framework/src/Illuminate/Container/BoundMethod.php(37): Illuminate\\Container\\BoundMethod::callBoundMethod()
#34 /var/www/html/personal-projects/facebook-comments-admin2/vendor/laravel/framework/src/Illuminate/Container/Container.php(653): Illuminate\\Container\\BoundMethod::call()
#35 /var/www/html/personal-projects/facebook-comments-admin2/vendor/laravel/framework/src/Illuminate/Console/Command.php(136): Illuminate\\Container\\Container->call()
#36 /var/www/html/personal-projects/facebook-comments-admin2/vendor/symfony/console/Command/Command.php(298): Illuminate\\Console\\Command->execute()
#37 /var/www/html/personal-projects/facebook-comments-admin2/vendor/laravel/framework/src/Illuminate/Console/Command.php(121): Symfony\\Component\\Console\\Command\\Command->run()
#38 /var/www/html/personal-projects/facebook-comments-admin2/vendor/symfony/console/Application.php(1005): Illuminate\\Console\\Command->run()
#39 /var/www/html/personal-projects/facebook-comments-admin2/vendor/symfony/console/Application.php(299): Symfony\\Component\\Console\\Application->doRunCommand()
#40 /var/www/html/personal-projects/facebook-comments-admin2/vendor/symfony/console/Application.php(171): Symfony\\Component\\Console\\Application->doRun()
#41 /var/www/html/personal-projects/facebook-comments-admin2/vendor/laravel/framework/src/Illuminate/Console/Application.php(94): Symfony\\Component\\Console\\Application->run()
#42 /var/www/html/personal-projects/facebook-comments-admin2/vendor/laravel/framework/src/Illuminate/Foundation/Console/Kernel.php(129): Illuminate\\Console\\Application->run()
#43 /var/www/html/personal-projects/facebook-comments-admin2/artisan(37): Illuminate\\Foundation\\Console\\Kernel->handle()
#44 {main}
"} 
[2022-01-22 21:55:42] local.ERROR: SQLSTATE[23502]: Not null violation: 7 ERROR:  column "secreat_2fa" contains null values (SQL: alter table "facebook_accounts" add column "secreat_2fa" varchar(255) not null) {"exception":"[object] (Illuminate\\Database\\QueryException(code: 23502): SQLSTATE[23502]: Not null violation: 7 ERROR:  column \"secreat_2fa\" contains null values (SQL: alter table \"facebook_accounts\" add column \"secreat_2fa\" varchar(255) not null) at /var/www/html/personal-projects/facebook-comments-admin2/vendor/laravel/framework/src/Illuminate/Database/Connection.php:712)
[stacktrace]
#0 /var/www/html/personal-projects/facebook-comments-admin2/vendor/laravel/framework/src/Illuminate/Database/Connection.php(672): Illuminate\\Database\\Connection->runQueryCallback()
#1 /var/www/html/personal-projects/facebook-comments-admin2/vendor/laravel/framework/src/Illuminate/Database/Connection.php(502): Illuminate\\Database\\Connection->run()
#2 /var/www/html/personal-projects/facebook-comments-admin2/vendor/laravel/framework/src/Illuminate/Database/Schema/Blueprint.php(109): Illuminate\\Database\\Connection->statement()
#3 /var/www/html/personal-projects/facebook-comments-admin2/vendor/laravel/framework/src/Illuminate/Database/Schema/Builder.php(364): Illuminate\\Database\\Schema\\Blueprint->build()
#4 /var/www/html/personal-projects/facebook-comments-admin2/vendor/laravel/framework/src/Illuminate/Database/Schema/Builder.php(211): Illuminate\\Database\\Schema\\Builder->build()
#5 /var/www/html/personal-projects/facebook-comments-admin2/vendor/laravel/framework/src/Illuminate/Support/Facades/Facade.php(261): Illuminate\\Database\\Schema\\Builder->table()
#6 /var/www/html/personal-projects/facebook-comments-admin2/database/migrations/2022_01_22_215354_alter_facebook_accounts_table_add_secret_2fa_collumn.php(18): Illuminate\\Support\\Facades\\Facade::__callStatic()
#7 /var/www/html/personal-projects/facebook-comments-admin2/vendor/laravel/framework/src/Illuminate/Database/Migrations/Migrator.php(394): AlterFacebookAccountsTableAddSecret2faCollumn->up()
#8 /var/www/html/personal-projects/facebook-comments-admin2/vendor/laravel/framework/src/Illuminate/Database/Concerns/ManagesTransactions.php(29): Illuminate\\Database\\Migrations\\Migrator->Illuminate\\Database\\Migrations\\{closure}()
#9 /var/www/html/personal-projects/facebook-comments-admin2/vendor/laravel/framework/src/Illuminate/Database/Migrations/Migrator.php(402): Illuminate\\Database\\Connection->transaction()
#10 /var/www/html/personal-projects/facebook-comments-admin2/vendor/laravel/framework/src/Illuminate/Database/Migrations/Migrator.php(202): Illuminate\\Database\\Migrations\\Migrator->runMigration()
#11 /var/www/html/personal-projects/facebook-comments-admin2/vendor/laravel/framework/src/Illuminate/Database/Migrations/Migrator.php(167): Illuminate\\Database\\Migrations\\Migrator->runUp()
#12 /var/www/html/personal-projects/facebook-comments-admin2/vendor/laravel/framework/src/Illuminate/Database/Migrations/Migrator.php(112): Illuminate\\Database\\Migrations\\Migrator->runPending()
#13 /var/www/html/personal-projects/facebook-comments-admin2/vendor/laravel/framework/src/Illuminate/Database/Console/Migrations/MigrateCommand.php(85): Illuminate\\Database\\Migrations\\Migrator->run()
#14 /var/www/html/personal-projects/facebook-comments-admin2/vendor/laravel/framework/src/Illuminate/Database/Migrations/Migrator.php(585): Illuminate\\Database\\Console\\Migrations\\MigrateCommand->Illuminate\\Database\\Console\\Migrations\\{closure}()
#15 /var/www/html/personal-projects/facebook-comments-admin2/vendor/laravel/framework/src/Illuminate/Database/Console/Migrations/MigrateCommand.php(94): Illuminate\\Database\\Migrations\\Migrator->usingConnection()
#16 /var/www/html/personal-projects/facebook-comments-admin2/vendor/laravel/framework/src/Illuminate/Container/BoundMethod.php(36): Illuminate\\Database\\Console\\Migrations\\MigrateCommand->handle()
#17 /var/www/html/personal-projects/facebook-comments-admin2/vendor/laravel/framework/src/Illuminate/Container/Util.php(40): Illuminate\\Container\\BoundMethod::Illuminate\\Container\\{closure}()
#18 /var/www/html/personal-projects/facebook-comments-admin2/vendor/laravel/framework/src/Illuminate/Container/BoundMethod.php(93): Illuminate\\Container\\Util::unwrapIfClosure()
#19 /var/www/html/personal-projects/facebook-comments-admin2/vendor/laravel/framework/src/Illuminate/Container/BoundMethod.php(37): Illuminate\\Container\\BoundMethod::callBoundMethod()
#20 /var/www/html/personal-projects/facebook-comments-admin2/vendor/laravel/framework/src/Illuminate/Container/Container.php(653): Illuminate\\Container\\BoundMethod::call()
#21 /var/www/html/personal-projects/facebook-comments-admin2/vendor/laravel/framework/src/Illuminate/Console/Command.php(136): Illuminate\\Container\\Container->call()
#22 /var/www/html/personal-projects/facebook-comments-admin2/vendor/symfony/console/Command/Command.php(298): Illuminate\\Console\\Command->execute()
#23 /var/www/html/personal-projects/facebook-comments-admin2/vendor/laravel/framework/src/Illuminate/Console/Command.php(121): Symfony\\Component\\Console\\Command\\Command->run()
#24 /var/www/html/personal-projects/facebook-comments-admin2/vendor/symfony/console/Application.php(1005): Illuminate\\Console\\Command->run()
#25 /var/www/html/personal-projects/facebook-comments-admin2/vendor/symfony/console/Application.php(299): Symfony\\Component\\Console\\Application->doRunCommand()
#26 /var/www/html/personal-projects/facebook-comments-admin2/vendor/symfony/console/Application.php(171): Symfony\\Component\\Console\\Application->doRun()
#27 /var/www/html/personal-projects/facebook-comments-admin2/vendor/laravel/framework/src/Illuminate/Console/Application.php(94): Symfony\\Component\\Console\\Application->run()
#28 /var/www/html/personal-projects/facebook-comments-admin2/vendor/laravel/framework/src/Illuminate/Foundation/Console/Kernel.php(129): Illuminate\\Console\\Application->run()
#29 /var/www/html/personal-projects/facebook-comments-admin2/artisan(37): Illuminate\\Foundation\\Console\\Kernel->handle()
#30 {main}

[previous exception] [object] (PDOException(code: 23502): SQLSTATE[23502]: Not null violation: 7 ERROR:  column \"secreat_2fa\" contains null values at /var/www/html/personal-projects/facebook-comments-admin2/vendor/laravel/framework/src/Illuminate/Database/Connection.php:501)
[stacktrace]
#0 /var/www/html/personal-projects/facebook-comments-admin2/vendor/laravel/framework/src/Illuminate/Database/Connection.php(501): PDOStatement->execute()
#1 /var/www/html/personal-projects/facebook-comments-admin2/vendor/laravel/framework/src/Illuminate/Database/Connection.php(705): Illuminate\\Database\\Connection->Illuminate\\Database\\{closure}()
#2 /var/www/html/personal-projects/facebook-comments-admin2/vendor/laravel/framework/src/Illuminate/Database/Connection.php(672): Illuminate\\Database\\Connection->runQueryCallback()
#3 /var/www/html/personal-projects/facebook-comments-admin2/vendor/laravel/framework/src/Illuminate/Database/Connection.php(502): Illuminate\\Database\\Connection->run()
#4 /var/www/html/personal-projects/facebook-comments-admin2/vendor/laravel/framework/src/Illuminate/Database/Schema/Blueprint.php(109): Illuminate\\Database\\Connection->statement()
#5 /var/www/html/personal-projects/facebook-comments-admin2/vendor/laravel/framework/src/Illuminate/Database/Schema/Builder.php(364): Illuminate\\Database\\Schema\\Blueprint->build()
#6 /var/www/html/personal-projects/facebook-comments-admin2/vendor/laravel/framework/src/Illuminate/Database/Schema/Builder.php(211): Illuminate\\Database\\Schema\\Builder->build()
#7 /var/www/html/personal-projects/facebook-comments-admin2/vendor/laravel/framework/src/Illuminate/Support/Facades/Facade.php(261): Illuminate\\Database\\Schema\\Builder->table()
#8 /var/www/html/personal-projects/facebook-comments-admin2/database/migrations/2022_01_22_215354_alter_facebook_accounts_table_add_secret_2fa_collumn.php(18): Illuminate\\Support\\Facades\\Facade::__callStatic()
#9 /var/www/html/personal-projects/facebook-comments-admin2/vendor/laravel/framework/src/Illuminate/Database/Migrations/Migrator.php(394): AlterFacebookAccountsTableAddSecret2faCollumn->up()
#10 /var/www/html/personal-projects/facebook-comments-admin2/vendor/laravel/framework/src/Illuminate/Database/Concerns/ManagesTransactions.php(29): Illuminate\\Database\\Migrations\\Migrator->Illuminate\\Database\\Migrations\\{closure}()
#11 /var/www/html/personal-projects/facebook-comments-admin2/vendor/laravel/framework/src/Illuminate/Database/Migrations/Migrator.php(402): Illuminate\\Database\\Connection->transaction()
#12 /var/www/html/personal-projects/facebook-comments-admin2/vendor/laravel/framework/src/Illuminate/Database/Migrations/Migrator.php(202): Illuminate\\Database\\Migrations\\Migrator->runMigration()
#13 /var/www/html/personal-projects/facebook-comments-admin2/vendor/laravel/framework/src/Illuminate/Database/Migrations/Migrator.php(167): Illuminate\\Database\\Migrations\\Migrator->runUp()
#14 /var/www/html/personal-projects/facebook-comments-admin2/vendor/laravel/framework/src/Illuminate/Database/Migrations/Migrator.php(112): Illuminate\\Database\\Migrations\\Migrator->runPending()
#15 /var/www/html/personal-projects/facebook-comments-admin2/vendor/laravel/framework/src/Illuminate/Database/Console/Migrations/MigrateCommand.php(85): Illuminate\\Database\\Migrations\\Migrator->run()
#16 /var/www/html/personal-projects/facebook-comments-admin2/vendor/laravel/framework/src/Illuminate/Database/Migrations/Migrator.php(585): Illuminate\\Database\\Console\\Migrations\\MigrateCommand->Illuminate\\Database\\Console\\Migrations\\{closure}()
#17 /var/www/html/personal-projects/facebook-comments-admin2/vendor/laravel/framework/src/Illuminate/Database/Console/Migrations/MigrateCommand.php(94): Illuminate\\Database\\Migrations\\Migrator->usingConnection()
#18 /var/www/html/personal-projects/facebook-comments-admin2/vendor/laravel/framework/src/Illuminate/Container/BoundMethod.php(36): Illuminate\\Database\\Console\\Migrations\\MigrateCommand->handle()
#19 /var/www/html/personal-projects/facebook-comments-admin2/vendor/laravel/framework/src/Illuminate/Container/Util.php(40): Illuminate\\Container\\BoundMethod::Illuminate\\Container\\{closure}()
#20 /var/www/html/personal-projects/facebook-comments-admin2/vendor/laravel/framework/src/Illuminate/Container/BoundMethod.php(93): Illuminate\\Container\\Util::unwrapIfClosure()
#21 /var/www/html/personal-projects/facebook-comments-admin2/vendor/laravel/framework/src/Illuminate/Container/BoundMethod.php(37): Illuminate\\Container\\BoundMethod::callBoundMethod()
#22 /var/www/html/personal-projects/facebook-comments-admin2/vendor/laravel/framework/src/Illuminate/Container/Container.php(653): Illuminate\\Container\\BoundMethod::call()
#23 /var/www/html/personal-projects/facebook-comments-admin2/vendor/laravel/framework/src/Illuminate/Console/Command.php(136): Illuminate\\Container\\Container->call()
#24 /var/www/html/personal-projects/facebook-comments-admin2/vendor/symfony/console/Command/Command.php(298): Illuminate\\Console\\Command->execute()
#25 /var/www/html/personal-projects/facebook-comments-admin2/vendor/laravel/framework/src/Illuminate/Console/Command.php(121): Symfony\\Component\\Console\\Command\\Command->run()
#26 /var/www/html/personal-projects/facebook-comments-admin2/vendor/symfony/console/Application.php(1005): Illuminate\\Console\\Command->run()
#27 /var/www/html/personal-projects/facebook-comments-admin2/vendor/symfony/console/Application.php(299): Symfony\\Component\\Console\\Application->doRunCommand()
#28 /var/www/html/personal-projects/facebook-comments-admin2/vendor/symfony/console/Application.php(171): Symfony\\Component\\Console\\Application->doRun()
#29 /var/www/html/personal-projects/facebook-comments-admin2/vendor/laravel/framework/src/Illuminate/Console/Application.php(94): Symfony\\Component\\Console\\Application->run()
#30 /var/www/html/personal-projects/facebook-comments-admin2/vendor/laravel/framework/src/Illuminate/Foundation/Console/Kernel.php(129): Illuminate\\Console\\Application->run()
#31 /var/www/html/personal-projects/facebook-comments-admin2/artisan(37): Illuminate\\Foundation\\Console\\Kernel->handle()
#32 {main}
"} 
[2022-01-22 22:19:38] local.ERROR: SQLSTATE[42703]: Undefined column: 7 ERROR:  column "secret_2fa" of relation "facebook_accounts" does not exist
LINE 1: update "facebook_accounts" set "secret_2fa" = $1, "updated_a...
                                       ^ (SQL: update "facebook_accounts" set "secret_2fa" = UIAC EEYY QQND OOJF SBOZ MCXK UCQ7 KLIS, "updated_at" = 2022-01-22 22:19:38 where "id" = 1) {"userId":1,"exception":"[object] (Illuminate\\Database\\QueryException(code: 42703): SQLSTATE[42703]: Undefined column: 7 ERROR:  column \"secret_2fa\" of relation \"facebook_accounts\" does not exist
LINE 1: update \"facebook_accounts\" set \"secret_2fa\" = $1, \"updated_a...
                                       ^ (SQL: update \"facebook_accounts\" set \"secret_2fa\" = UIAC EEYY QQND OOJF SBOZ MCXK UCQ7 KLIS, \"updated_at\" = 2022-01-22 22:19:38 where \"id\" = 1) at /var/www/html/personal-projects/facebook-comments-admin2/vendor/laravel/framework/src/Illuminate/Database/Connection.php:712)
[stacktrace]
#0 /var/www/html/personal-projects/facebook-comments-admin2/vendor/laravel/framework/src/Illuminate/Database/Connection.php(672): Illuminate\\Database\\Connection->runQueryCallback()
#1 /var/www/html/personal-projects/facebook-comments-admin2/vendor/laravel/framework/src/Illuminate/Database/Connection.php(533): Illuminate\\Database\\Connection->run()
#2 /var/www/html/personal-projects/facebook-comments-admin2/vendor/laravel/framework/src/Illuminate/Database/Connection.php(466): Illuminate\\Database\\Connection->affectingStatement()
#3 /var/www/html/personal-projects/facebook-comments-admin2/vendor/laravel/framework/src/Illuminate/Database/Query/Builder.php(3034): Illuminate\\Database\\Connection->update()
#4 /var/www/html/personal-projects/facebook-comments-admin2/vendor/laravel/framework/src/Illuminate/Database/Eloquent/Builder.php(919): Illuminate\\Database\\Query\\Builder->update()
#5 /var/www/html/personal-projects/facebook-comments-admin2/vendor/laravel/framework/src/Illuminate/Database/Eloquent/Model.php(1072): Illuminate\\Database\\Eloquent\\Builder->update()
#6 /var/www/html/personal-projects/facebook-comments-admin2/vendor/laravel/framework/src/Illuminate/Database/Eloquent/Model.php(987): Illuminate\\Database\\Eloquent\\Model->performUpdate()
#7 /var/www/html/personal-projects/facebook-comments-admin2/vendor/laravel/framework/src/Illuminate/Database/Eloquent/Model.php(885): Illuminate\\Database\\Eloquent\\Model->save()
#8 /var/www/html/personal-projects/facebook-comments-admin2/app/Domain/Services/AModelDomainService.php(37): Illuminate\\Database\\Eloquent\\Model->update()
#9 /var/www/html/personal-projects/facebook-comments-admin2/app/Http/Controllers/API/FacebookAccountController.php(61): App\\Domain\\Services\\AModelDomainService->update()
#10 /var/www/html/personal-projects/facebook-comments-admin2/vendor/laravel/framework/src/Illuminate/Routing/Controller.php(54): App\\Http\\Controllers\\API\\FacebookAccountController->update()
#11 /var/www/html/personal-projects/facebook-comments-admin2/vendor/laravel/framework/src/Illuminate/Routing/ControllerDispatcher.php(45): Illuminate\\Routing\\Controller->callAction()
#12 /var/www/html/personal-projects/facebook-comments-admin2/vendor/laravel/framework/src/Illuminate/Routing/Route.php(262): Illuminate\\Routing\\ControllerDispatcher->dispatch()
#13 /var/www/html/personal-projects/facebook-comments-admin2/vendor/laravel/framework/src/Illuminate/Routing/Route.php(205): Illuminate\\Routing\\Route->runController()
#14 /var/www/html/personal-projects/facebook-comments-admin2/vendor/laravel/framework/src/Illuminate/Routing/Router.php(721): Illuminate\\Routing\\Route->run()
#15 /var/www/html/personal-projects/facebook-comments-admin2/vendor/laravel/framework/src/Illuminate/Pipeline/Pipeline.php(128): Illuminate\\Routing\\Router->Illuminate\\Routing\\{closure}()
#16 /var/www/html/personal-projects/facebook-comments-admin2/vendor/laravel/framework/src/Illuminate/Routing/Middleware/SubstituteBindings.php(50): Illuminate\\Pipeline\\Pipeline->Illuminate\\Pipeline\\{closure}()
#17 /var/www/html/personal-projects/facebook-comments-admin2/vendor/laravel/framework/src/Illuminate/Pipeline/Pipeline.php(167): Illuminate\\Routing\\Middleware\\SubstituteBindings->handle()
#18 /var/www/html/personal-projects/facebook-comments-admin2/vendor/laravel/framework/src/Illuminate/Routing/Middleware/ThrottleRequests.php(127): Illuminate\\Pipeline\\Pipeline->Illuminate\\Pipeline\\{closure}()
#19 /var/www/html/personal-projects/facebook-comments-admin2/vendor/laravel/framework/src/Illuminate/Routing/Middleware/ThrottleRequests.php(103): Illuminate\\Routing\\Middleware\\ThrottleRequests->handleRequest()
#20 /var/www/html/personal-projects/facebook-comments-admin2/vendor/laravel/framework/src/Illuminate/Routing/Middleware/ThrottleRequests.php(55): Illuminate\\Routing\\Middleware\\ThrottleRequests->handleRequestUsingNamedLimiter()
#21 /var/www/html/personal-projects/facebook-comments-admin2/vendor/laravel/framework/src/Illuminate/Pipeline/Pipeline.php(167): Illuminate\\Routing\\Middleware\\ThrottleRequests->handle()
#22 /var/www/html/personal-projects/facebook-comments-admin2/vendor/laravel/framework/src/Illuminate/Auth/Middleware/Authenticate.php(44): Illuminate\\Pipeline\\Pipeline->Illuminate\\Pipeline\\{closure}()
#23 /var/www/html/personal-projects/facebook-comments-admin2/vendor/laravel/framework/src/Illuminate/Pipeline/Pipeline.php(167): Illuminate\\Auth\\Middleware\\Authenticate->handle()
#24 /var/www/html/personal-projects/facebook-comments-admin2/vendor/laravel/framework/src/Illuminate/Pipeline/Pipeline.php(103): Illuminate\\Pipeline\\Pipeline->Illuminate\\Pipeline\\{closure}()
#25 /var/www/html/personal-projects/facebook-comments-admin2/vendor/laravel/framework/src/Illuminate/Routing/Router.php(723): Illuminate\\Pipeline\\Pipeline->then()
#26 /var/www/html/personal-projects/facebook-comments-admin2/vendor/laravel/framework/src/Illuminate/Routing/Router.php(698): Illuminate\\Routing\\Router->runRouteWithinStack()
#27 /var/www/html/personal-projects/facebook-comments-admin2/vendor/laravel/framework/src/Illuminate/Routing/Router.php(662): Illuminate\\Routing\\Router->runRoute()
#28 /var/www/html/personal-projects/facebook-comments-admin2/vendor/laravel/framework/src/Illuminate/Routing/Router.php(651): Illuminate\\Routing\\Router->dispatchToRoute()
#29 /var/www/html/personal-projects/facebook-comments-admin2/vendor/laravel/framework/src/Illuminate/Foundation/Http/Kernel.php(167): Illuminate\\Routing\\Router->dispatch()
#30 /var/www/html/personal-projects/facebook-comments-admin2/vendor/laravel/framework/src/Illuminate/Pipeline/Pipeline.php(128): Illuminate\\Foundation\\Http\\Kernel->Illuminate\\Foundation\\Http\\{closure}()
#31 /var/www/html/personal-projects/facebook-comments-admin2/vendor/laravel/framework/src/Illuminate/Foundation/Http/Middleware/TransformsRequest.php(21): Illuminate\\Pipeline\\Pipeline->Illuminate\\Pipeline\\{closure}()
#32 /var/www/html/personal-projects/facebook-comments-admin2/vendor/laravel/framework/src/Illuminate/Foundation/Http/Middleware/ConvertEmptyStringsToNull.php(31): Illuminate\\Foundation\\Http\\Middleware\\TransformsRequest->handle()
#33 /var/www/html/personal-projects/facebook-comments-admin2/vendor/laravel/framework/src/Illuminate/Pipeline/Pipeline.php(167): Illuminate\\Foundation\\Http\\Middleware\\ConvertEmptyStringsToNull->handle()
#34 /var/www/html/personal-projects/facebook-comments-admin2/vendor/laravel/framework/src/Illuminate/Foundation/Http/Middleware/TransformsRequest.php(21): Illuminate\\Pipeline\\Pipeline->Illuminate\\Pipeline\\{closure}()
#35 /var/www/html/personal-projects/facebook-comments-admin2/vendor/laravel/framework/src/Illuminate/Foundation/Http/Middleware/TrimStrings.php(40): Illuminate\\Foundation\\Http\\Middleware\\TransformsRequest->handle()
#36 /var/www/html/personal-projects/facebook-comments-admin2/vendor/laravel/framework/src/Illuminate/Pipeline/Pipeline.php(167): Illuminate\\Foundation\\Http\\Middleware\\TrimStrings->handle()
#37 /var/www/html/personal-projects/facebook-comments-admin2/vendor/laravel/framework/src/Illuminate/Foundation/Http/Middleware/ValidatePostSize.php(27): Illuminate\\Pipeline\\Pipeline->Illuminate\\Pipeline\\{closure}()
#38 /var/www/html/personal-projects/facebook-comments-admin2/vendor/laravel/framework/src/Illuminate/Pipeline/Pipeline.php(167): Illuminate\\Foundation\\Http\\Middleware\\ValidatePostSize->handle()
#39 /var/www/html/personal-projects/facebook-comments-admin2/vendor/laravel/framework/src/Illuminate/Foundation/Http/Middleware/PreventRequestsDuringMaintenance.php(86): Illuminate\\Pipeline\\Pipeline->Illuminate\\Pipeline\\{closure}()
#40 /var/www/html/personal-projects/facebook-comments-admin2/vendor/laravel/framework/src/Illuminate/Pipeline/Pipeline.php(167): Illuminate\\Foundation\\Http\\Middleware\\PreventRequestsDuringMaintenance->handle()
#41 /var/www/html/personal-projects/facebook-comments-admin2/vendor/fruitcake/laravel-cors/src/HandleCors.php(52): Illuminate\\Pipeline\\Pipeline->Illuminate\\Pipeline\\{closure}()
#42 /var/www/html/personal-projects/facebook-comments-admin2/vendor/laravel/framework/src/Illuminate/Pipeline/Pipeline.php(167): Fruitcake\\Cors\\HandleCors->handle()
#43 /var/www/html/personal-projects/facebook-comments-admin2/vendor/fideloper/proxy/src/TrustProxies.php(57): Illuminate\\Pipeline\\Pipeline->Illuminate\\Pipeline\\{closure}()
#44 /var/www/html/personal-projects/facebook-comments-admin2/vendor/laravel/framework/src/Illuminate/Pipeline/Pipeline.php(167): Fideloper\\Proxy\\TrustProxies->handle()
#45 /var/www/html/personal-projects/facebook-comments-admin2/vendor/laravel/framework/src/Illuminate/Pipeline/Pipeline.php(103): Illuminate\\Pipeline\\Pipeline->Illuminate\\Pipeline\\{closure}()
#46 /var/www/html/personal-projects/facebook-comments-admin2/vendor/laravel/framework/src/Illuminate/Foundation/Http/Kernel.php(142): Illuminate\\Pipeline\\Pipeline->then()
#47 /var/www/html/personal-projects/facebook-comments-admin2/vendor/laravel/framework/src/Illuminate/Foundation/Http/Kernel.php(111): Illuminate\\Foundation\\Http\\Kernel->sendRequestThroughRouter()
#48 /var/www/html/personal-projects/facebook-comments-admin2/public/index.php(52): Illuminate\\Foundation\\Http\\Kernel->handle()
#49 /var/www/html/personal-projects/facebook-comments-admin2/server.php(21): require_once('...')
#50 {main}

[previous exception] [object] (PDOException(code: 42703): SQLSTATE[42703]: Undefined column: 7 ERROR:  column \"secret_2fa\" of relation \"facebook_accounts\" does not exist
LINE 1: update \"facebook_accounts\" set \"secret_2fa\" = $1, \"updated_a...
                                       ^ at /var/www/html/personal-projects/facebook-comments-admin2/vendor/laravel/framework/src/Illuminate/Database/Connection.php:526)
[stacktrace]
#0 /var/www/html/personal-projects/facebook-comments-admin2/vendor/laravel/framework/src/Illuminate/Database/Connection.php(526): PDOStatement->execute()
#1 /var/www/html/personal-projects/facebook-comments-admin2/vendor/laravel/framework/src/Illuminate/Database/Connection.php(705): Illuminate\\Database\\Connection->Illuminate\\Database\\{closure}()
#2 /var/www/html/personal-projects/facebook-comments-admin2/vendor/laravel/framework/src/Illuminate/Database/Connection.php(672): Illuminate\\Database\\Connection->runQueryCallback()
#3 /var/www/html/personal-projects/facebook-comments-admin2/vendor/laravel/framework/src/Illuminate/Database/Connection.php(533): Illuminate\\Database\\Connection->run()
#4 /var/www/html/personal-projects/facebook-comments-admin2/vendor/laravel/framework/src/Illuminate/Database/Connection.php(466): Illuminate\\Database\\Connection->affectingStatement()
#5 /var/www/html/personal-projects/facebook-comments-admin2/vendor/laravel/framework/src/Illuminate/Database/Query/Builder.php(3034): Illuminate\\Database\\Connection->update()
#6 /var/www/html/personal-projects/facebook-comments-admin2/vendor/laravel/framework/src/Illuminate/Database/Eloquent/Builder.php(919): Illuminate\\Database\\Query\\Builder->update()
#7 /var/www/html/personal-projects/facebook-comments-admin2/vendor/laravel/framework/src/Illuminate/Database/Eloquent/Model.php(1072): Illuminate\\Database\\Eloquent\\Builder->update()
#8 /var/www/html/personal-projects/facebook-comments-admin2/vendor/laravel/framework/src/Illuminate/Database/Eloquent/Model.php(987): Illuminate\\Database\\Eloquent\\Model->performUpdate()
#9 /var/www/html/personal-projects/facebook-comments-admin2/vendor/laravel/framework/src/Illuminate/Database/Eloquent/Model.php(885): Illuminate\\Database\\Eloquent\\Model->save()
#10 /var/www/html/personal-projects/facebook-comments-admin2/app/Domain/Services/AModelDomainService.php(37): Illuminate\\Database\\Eloquent\\Model->update()
#11 /var/www/html/personal-projects/facebook-comments-admin2/app/Http/Controllers/API/FacebookAccountController.php(61): App\\Domain\\Services\\AModelDomainService->update()
#12 /var/www/html/personal-projects/facebook-comments-admin2/vendor/laravel/framework/src/Illuminate/Routing/Controller.php(54): App\\Http\\Controllers\\API\\FacebookAccountController->update()
#13 /var/www/html/personal-projects/facebook-comments-admin2/vendor/laravel/framework/src/Illuminate/Routing/ControllerDispatcher.php(45): Illuminate\\Routing\\Controller->callAction()
#14 /var/www/html/personal-projects/facebook-comments-admin2/vendor/laravel/framework/src/Illuminate/Routing/Route.php(262): Illuminate\\Routing\\ControllerDispatcher->dispatch()
#15 /var/www/html/personal-projects/facebook-comments-admin2/vendor/laravel/framework/src/Illuminate/Routing/Route.php(205): Illuminate\\Routing\\Route->runController()
#16 /var/www/html/personal-projects/facebook-comments-admin2/vendor/laravel/framework/src/Illuminate/Routing/Router.php(721): Illuminate\\Routing\\Route->run()
#17 /var/www/html/personal-projects/facebook-comments-admin2/vendor/laravel/framework/src/Illuminate/Pipeline/Pipeline.php(128): Illuminate\\Routing\\Router->Illuminate\\Routing\\{closure}()
#18 /var/www/html/personal-projects/facebook-comments-admin2/vendor/laravel/framework/src/Illuminate/Routing/Middleware/SubstituteBindings.php(50): Illuminate\\Pipeline\\Pipeline->Illuminate\\Pipeline\\{closure}()
#19 /var/www/html/personal-projects/facebook-comments-admin2/vendor/laravel/framework/src/Illuminate/Pipeline/Pipeline.php(167): Illuminate\\Routing\\Middleware\\SubstituteBindings->handle()
#20 /var/www/html/personal-projects/facebook-comments-admin2/vendor/laravel/framework/src/Illuminate/Routing/Middleware/ThrottleRequests.php(127): Illuminate\\Pipeline\\Pipeline->Illuminate\\Pipeline\\{closure}()
#21 /var/www/html/personal-projects/facebook-comments-admin2/vendor/laravel/framework/src/Illuminate/Routing/Middleware/ThrottleRequests.php(103): Illuminate\\Routing\\Middleware\\ThrottleRequests->handleRequest()
#22 /var/www/html/personal-projects/facebook-comments-admin2/vendor/laravel/framework/src/Illuminate/Routing/Middleware/ThrottleRequests.php(55): Illuminate\\Routing\\Middleware\\ThrottleRequests->handleRequestUsingNamedLimiter()
#23 /var/www/html/personal-projects/facebook-comments-admin2/vendor/laravel/framework/src/Illuminate/Pipeline/Pipeline.php(167): Illuminate\\Routing\\Middleware\\ThrottleRequests->handle()
#24 /var/www/html/personal-projects/facebook-comments-admin2/vendor/laravel/framework/src/Illuminate/Auth/Middleware/Authenticate.php(44): Illuminate\\Pipeline\\Pipeline->Illuminate\\Pipeline\\{closure}()
#25 /var/www/html/personal-projects/facebook-comments-admin2/vendor/laravel/framework/src/Illuminate/Pipeline/Pipeline.php(167): Illuminate\\Auth\\Middleware\\Authenticate->handle()
#26 /var/www/html/personal-projects/facebook-comments-admin2/vendor/laravel/framework/src/Illuminate/Pipeline/Pipeline.php(103): Illuminate\\Pipeline\\Pipeline->Illuminate\\Pipeline\\{closure}()
#27 /var/www/html/personal-projects/facebook-comments-admin2/vendor/laravel/framework/src/Illuminate/Routing/Router.php(723): Illuminate\\Pipeline\\Pipeline->then()
#28 /var/www/html/personal-projects/facebook-comments-admin2/vendor/laravel/framework/src/Illuminate/Routing/Router.php(698): Illuminate\\Routing\\Router->runRouteWithinStack()
#29 /var/www/html/personal-projects/facebook-comments-admin2/vendor/laravel/framework/src/Illuminate/Routing/Router.php(662): Illuminate\\Routing\\Router->runRoute()
#30 /var/www/html/personal-projects/facebook-comments-admin2/vendor/laravel/framework/src/Illuminate/Routing/Router.php(651): Illuminate\\Routing\\Router->dispatchToRoute()
#31 /var/www/html/personal-projects/facebook-comments-admin2/vendor/laravel/framework/src/Illuminate/Foundation/Http/Kernel.php(167): Illuminate\\Routing\\Router->dispatch()
#32 /var/www/html/personal-projects/facebook-comments-admin2/vendor/laravel/framework/src/Illuminate/Pipeline/Pipeline.php(128): Illuminate\\Foundation\\Http\\Kernel->Illuminate\\Foundation\\Http\\{closure}()
#33 /var/www/html/personal-projects/facebook-comments-admin2/vendor/laravel/framework/src/Illuminate/Foundation/Http/Middleware/TransformsRequest.php(21): Illuminate\\Pipeline\\Pipeline->Illuminate\\Pipeline\\{closure}()
#34 /var/www/html/personal-projects/facebook-comments-admin2/vendor/laravel/framework/src/Illuminate/Foundation/Http/Middleware/ConvertEmptyStringsToNull.php(31): Illuminate\\Foundation\\Http\\Middleware\\TransformsRequest->handle()
#35 /var/www/html/personal-projects/facebook-comments-admin2/vendor/laravel/framework/src/Illuminate/Pipeline/Pipeline.php(167): Illuminate\\Foundation\\Http\\Middleware\\ConvertEmptyStringsToNull->handle()
#36 /var/www/html/personal-projects/facebook-comments-admin2/vendor/laravel/framework/src/Illuminate/Foundation/Http/Middleware/TransformsRequest.php(21): Illuminate\\Pipeline\\Pipeline->Illuminate\\Pipeline\\{closure}()
#37 /var/www/html/personal-projects/facebook-comments-admin2/vendor/laravel/framework/src/Illuminate/Foundation/Http/Middleware/TrimStrings.php(40): Illuminate\\Foundation\\Http\\Middleware\\TransformsRequest->handle()
#38 /var/www/html/personal-projects/facebook-comments-admin2/vendor/laravel/framework/src/Illuminate/Pipeline/Pipeline.php(167): Illuminate\\Foundation\\Http\\Middleware\\TrimStrings->handle()
#39 /var/www/html/personal-projects/facebook-comments-admin2/vendor/laravel/framework/src/Illuminate/Foundation/Http/Middleware/ValidatePostSize.php(27): Illuminate\\Pipeline\\Pipeline->Illuminate\\Pipeline\\{closure}()
#40 /var/www/html/personal-projects/facebook-comments-admin2/vendor/laravel/framework/src/Illuminate/Pipeline/Pipeline.php(167): Illuminate\\Foundation\\Http\\Middleware\\ValidatePostSize->handle()
#41 /var/www/html/personal-projects/facebook-comments-admin2/vendor/laravel/framework/src/Illuminate/Foundation/Http/Middleware/PreventRequestsDuringMaintenance.php(86): Illuminate\\Pipeline\\Pipeline->Illuminate\\Pipeline\\{closure}()
#42 /var/www/html/personal-projects/facebook-comments-admin2/vendor/laravel/framework/src/Illuminate/Pipeline/Pipeline.php(167): Illuminate\\Foundation\\Http\\Middleware\\PreventRequestsDuringMaintenance->handle()
#43 /var/www/html/personal-projects/facebook-comments-admin2/vendor/fruitcake/laravel-cors/src/HandleCors.php(52): Illuminate\\Pipeline\\Pipeline->Illuminate\\Pipeline\\{closure}()
#44 /var/www/html/personal-projects/facebook-comments-admin2/vendor/laravel/framework/src/Illuminate/Pipeline/Pipeline.php(167): Fruitcake\\Cors\\HandleCors->handle()
#45 /var/www/html/personal-projects/facebook-comments-admin2/vendor/fideloper/proxy/src/TrustProxies.php(57): Illuminate\\Pipeline\\Pipeline->Illuminate\\Pipeline\\{closure}()
#46 /var/www/html/personal-projects/facebook-comments-admin2/vendor/laravel/framework/src/Illuminate/Pipeline/Pipeline.php(167): Fideloper\\Proxy\\TrustProxies->handle()
#47 /var/www/html/personal-projects/facebook-comments-admin2/vendor/laravel/framework/src/Illuminate/Pipeline/Pipeline.php(103): Illuminate\\Pipeline\\Pipeline->Illuminate\\Pipeline\\{closure}()
#48 /var/www/html/personal-projects/facebook-comments-admin2/vendor/laravel/framework/src/Illuminate/Foundation/Http/Kernel.php(142): Illuminate\\Pipeline\\Pipeline->then()
#49 /var/www/html/personal-projects/facebook-comments-admin2/vendor/laravel/framework/src/Illuminate/Foundation/Http/Kernel.php(111): Illuminate\\Foundation\\Http\\Kernel->sendRequestThroughRouter()
#50 /var/www/html/personal-projects/facebook-comments-admin2/public/index.php(52): Illuminate\\Foundation\\Http\\Kernel->handle()
#51 /var/www/html/personal-projects/facebook-comments-admin2/server.php(21): require_once('...')
#52 {main}
"} 
[2022-01-22 22:19:46] local.ERROR: SQLSTATE[42703]: Undefined column: 7 ERROR:  column "secret_2fa" of relation "facebook_accounts" does not exist
LINE 1: update "facebook_accounts" set "secret_2fa" = $1, "updated_a...
                                       ^ (SQL: update "facebook_accounts" set "secret_2fa" = UIAC EEYY QQND OOJF SBOZ MCXK UCQ7 KLIS, "updated_at" = 2022-01-22 22:19:46 where "id" = 1) {"userId":1,"exception":"[object] (Illuminate\\Database\\QueryException(code: 42703): SQLSTATE[42703]: Undefined column: 7 ERROR:  column \"secret_2fa\" of relation \"facebook_accounts\" does not exist
LINE 1: update \"facebook_accounts\" set \"secret_2fa\" = $1, \"updated_a...
                                       ^ (SQL: update \"facebook_accounts\" set \"secret_2fa\" = UIAC EEYY QQND OOJF SBOZ MCXK UCQ7 KLIS, \"updated_at\" = 2022-01-22 22:19:46 where \"id\" = 1) at /var/www/html/personal-projects/facebook-comments-admin2/vendor/laravel/framework/src/Illuminate/Database/Connection.php:712)
[stacktrace]
#0 /var/www/html/personal-projects/facebook-comments-admin2/vendor/laravel/framework/src/Illuminate/Database/Connection.php(672): Illuminate\\Database\\Connection->runQueryCallback()
#1 /var/www/html/personal-projects/facebook-comments-admin2/vendor/laravel/framework/src/Illuminate/Database/Connection.php(533): Illuminate\\Database\\Connection->run()
#2 /var/www/html/personal-projects/facebook-comments-admin2/vendor/laravel/framework/src/Illuminate/Database/Connection.php(466): Illuminate\\Database\\Connection->affectingStatement()
#3 /var/www/html/personal-projects/facebook-comments-admin2/vendor/laravel/framework/src/Illuminate/Database/Query/Builder.php(3034): Illuminate\\Database\\Connection->update()
#4 /var/www/html/personal-projects/facebook-comments-admin2/vendor/laravel/framework/src/Illuminate/Database/Eloquent/Builder.php(919): Illuminate\\Database\\Query\\Builder->update()
#5 /var/www/html/personal-projects/facebook-comments-admin2/vendor/laravel/framework/src/Illuminate/Database/Eloquent/Model.php(1072): Illuminate\\Database\\Eloquent\\Builder->update()
#6 /var/www/html/personal-projects/facebook-comments-admin2/vendor/laravel/framework/src/Illuminate/Database/Eloquent/Model.php(987): Illuminate\\Database\\Eloquent\\Model->performUpdate()
#7 /var/www/html/personal-projects/facebook-comments-admin2/vendor/laravel/framework/src/Illuminate/Database/Eloquent/Model.php(885): Illuminate\\Database\\Eloquent\\Model->save()
#8 /var/www/html/personal-projects/facebook-comments-admin2/app/Domain/Services/AModelDomainService.php(37): Illuminate\\Database\\Eloquent\\Model->update()
#9 /var/www/html/personal-projects/facebook-comments-admin2/app/Http/Controllers/API/FacebookAccountController.php(61): App\\Domain\\Services\\AModelDomainService->update()
#10 /var/www/html/personal-projects/facebook-comments-admin2/vendor/laravel/framework/src/Illuminate/Routing/Controller.php(54): App\\Http\\Controllers\\API\\FacebookAccountController->update()
#11 /var/www/html/personal-projects/facebook-comments-admin2/vendor/laravel/framework/src/Illuminate/Routing/ControllerDispatcher.php(45): Illuminate\\Routing\\Controller->callAction()
#12 /var/www/html/personal-projects/facebook-comments-admin2/vendor/laravel/framework/src/Illuminate/Routing/Route.php(262): Illuminate\\Routing\\ControllerDispatcher->dispatch()
#13 /var/www/html/personal-projects/facebook-comments-admin2/vendor/laravel/framework/src/Illuminate/Routing/Route.php(205): Illuminate\\Routing\\Route->runController()
#14 /var/www/html/personal-projects/facebook-comments-admin2/vendor/laravel/framework/src/Illuminate/Routing/Router.php(721): Illuminate\\Routing\\Route->run()
#15 /var/www/html/personal-projects/facebook-comments-admin2/vendor/laravel/framework/src/Illuminate/Pipeline/Pipeline.php(128): Illuminate\\Routing\\Router->Illuminate\\Routing\\{closure}()
#16 /var/www/html/personal-projects/facebook-comments-admin2/vendor/laravel/framework/src/Illuminate/Routing/Middleware/SubstituteBindings.php(50): Illuminate\\Pipeline\\Pipeline->Illuminate\\Pipeline\\{closure}()
#17 /var/www/html/personal-projects/facebook-comments-admin2/vendor/laravel/framework/src/Illuminate/Pipeline/Pipeline.php(167): Illuminate\\Routing\\Middleware\\SubstituteBindings->handle()
#18 /var/www/html/personal-projects/facebook-comments-admin2/vendor/laravel/framework/src/Illuminate/Routing/Middleware/ThrottleRequests.php(127): Illuminate\\Pipeline\\Pipeline->Illuminate\\Pipeline\\{closure}()
#19 /var/www/html/personal-projects/facebook-comments-admin2/vendor/laravel/framework/src/Illuminate/Routing/Middleware/ThrottleRequests.php(103): Illuminate\\Routing\\Middleware\\ThrottleRequests->handleRequest()
#20 /var/www/html/personal-projects/facebook-comments-admin2/vendor/laravel/framework/src/Illuminate/Routing/Middleware/ThrottleRequests.php(55): Illuminate\\Routing\\Middleware\\ThrottleRequests->handleRequestUsingNamedLimiter()
#21 /var/www/html/personal-projects/facebook-comments-admin2/vendor/laravel/framework/src/Illuminate/Pipeline/Pipeline.php(167): Illuminate\\Routing\\Middleware\\ThrottleRequests->handle()
#22 /var/www/html/personal-projects/facebook-comments-admin2/vendor/laravel/framework/src/Illuminate/Auth/Middleware/Authenticate.php(44): Illuminate\\Pipeline\\Pipeline->Illuminate\\Pipeline\\{closure}()
#23 /var/www/html/personal-projects/facebook-comments-admin2/vendor/laravel/framework/src/Illuminate/Pipeline/Pipeline.php(167): Illuminate\\Auth\\Middleware\\Authenticate->handle()
#24 /var/www/html/personal-projects/facebook-comments-admin2/vendor/laravel/framework/src/Illuminate/Pipeline/Pipeline.php(103): Illuminate\\Pipeline\\Pipeline->Illuminate\\Pipeline\\{closure}()
#25 /var/www/html/personal-projects/facebook-comments-admin2/vendor/laravel/framework/src/Illuminate/Routing/Router.php(723): Illuminate\\Pipeline\\Pipeline->then()
#26 /var/www/html/personal-projects/facebook-comments-admin2/vendor/laravel/framework/src/Illuminate/Routing/Router.php(698): Illuminate\\Routing\\Router->runRouteWithinStack()
#27 /var/www/html/personal-projects/facebook-comments-admin2/vendor/laravel/framework/src/Illuminate/Routing/Router.php(662): Illuminate\\Routing\\Router->runRoute()
#28 /var/www/html/personal-projects/facebook-comments-admin2/vendor/laravel/framework/src/Illuminate/Routing/Router.php(651): Illuminate\\Routing\\Router->dispatchToRoute()
#29 /var/www/html/personal-projects/facebook-comments-admin2/vendor/laravel/framework/src/Illuminate/Foundation/Http/Kernel.php(167): Illuminate\\Routing\\Router->dispatch()
#30 /var/www/html/personal-projects/facebook-comments-admin2/vendor/laravel/framework/src/Illuminate/Pipeline/Pipeline.php(128): Illuminate\\Foundation\\Http\\Kernel->Illuminate\\Foundation\\Http\\{closure}()
#31 /var/www/html/personal-projects/facebook-comments-admin2/vendor/laravel/framework/src/Illuminate/Foundation/Http/Middleware/TransformsRequest.php(21): Illuminate\\Pipeline\\Pipeline->Illuminate\\Pipeline\\{closure}()
#32 /var/www/html/personal-projects/facebook-comments-admin2/vendor/laravel/framework/src/Illuminate/Foundation/Http/Middleware/ConvertEmptyStringsToNull.php(31): Illuminate\\Foundation\\Http\\Middleware\\TransformsRequest->handle()
#33 /var/www/html/personal-projects/facebook-comments-admin2/vendor/laravel/framework/src/Illuminate/Pipeline/Pipeline.php(167): Illuminate\\Foundation\\Http\\Middleware\\ConvertEmptyStringsToNull->handle()
#34 /var/www/html/personal-projects/facebook-comments-admin2/vendor/laravel/framework/src/Illuminate/Foundation/Http/Middleware/TransformsRequest.php(21): Illuminate\\Pipeline\\Pipeline->Illuminate\\Pipeline\\{closure}()
#35 /var/www/html/personal-projects/facebook-comments-admin2/vendor/laravel/framework/src/Illuminate/Foundation/Http/Middleware/TrimStrings.php(40): Illuminate\\Foundation\\Http\\Middleware\\TransformsRequest->handle()
#36 /var/www/html/personal-projects/facebook-comments-admin2/vendor/laravel/framework/src/Illuminate/Pipeline/Pipeline.php(167): Illuminate\\Foundation\\Http\\Middleware\\TrimStrings->handle()
#37 /var/www/html/personal-projects/facebook-comments-admin2/vendor/laravel/framework/src/Illuminate/Foundation/Http/Middleware/ValidatePostSize.php(27): Illuminate\\Pipeline\\Pipeline->Illuminate\\Pipeline\\{closure}()
#38 /var/www/html/personal-projects/facebook-comments-admin2/vendor/laravel/framework/src/Illuminate/Pipeline/Pipeline.php(167): Illuminate\\Foundation\\Http\\Middleware\\ValidatePostSize->handle()
#39 /var/www/html/personal-projects/facebook-comments-admin2/vendor/laravel/framework/src/Illuminate/Foundation/Http/Middleware/PreventRequestsDuringMaintenance.php(86): Illuminate\\Pipeline\\Pipeline->Illuminate\\Pipeline\\{closure}()
#40 /var/www/html/personal-projects/facebook-comments-admin2/vendor/laravel/framework/src/Illuminate/Pipeline/Pipeline.php(167): Illuminate\\Foundation\\Http\\Middleware\\PreventRequestsDuringMaintenance->handle()
#41 /var/www/html/personal-projects/facebook-comments-admin2/vendor/fruitcake/laravel-cors/src/HandleCors.php(52): Illuminate\\Pipeline\\Pipeline->Illuminate\\Pipeline\\{closure}()
#42 /var/www/html/personal-projects/facebook-comments-admin2/vendor/laravel/framework/src/Illuminate/Pipeline/Pipeline.php(167): Fruitcake\\Cors\\HandleCors->handle()
#43 /var/www/html/personal-projects/facebook-comments-admin2/vendor/fideloper/proxy/src/TrustProxies.php(57): Illuminate\\Pipeline\\Pipeline->Illuminate\\Pipeline\\{closure}()
#44 /var/www/html/personal-projects/facebook-comments-admin2/vendor/laravel/framework/src/Illuminate/Pipeline/Pipeline.php(167): Fideloper\\Proxy\\TrustProxies->handle()
#45 /var/www/html/personal-projects/facebook-comments-admin2/vendor/laravel/framework/src/Illuminate/Pipeline/Pipeline.php(103): Illuminate\\Pipeline\\Pipeline->Illuminate\\Pipeline\\{closure}()
#46 /var/www/html/personal-projects/facebook-comments-admin2/vendor/laravel/framework/src/Illuminate/Foundation/Http/Kernel.php(142): Illuminate\\Pipeline\\Pipeline->then()
#47 /var/www/html/personal-projects/facebook-comments-admin2/vendor/laravel/framework/src/Illuminate/Foundation/Http/Kernel.php(111): Illuminate\\Foundation\\Http\\Kernel->sendRequestThroughRouter()
#48 /var/www/html/personal-projects/facebook-comments-admin2/public/index.php(52): Illuminate\\Foundation\\Http\\Kernel->handle()
#49 /var/www/html/personal-projects/facebook-comments-admin2/server.php(21): require_once('...')
#50 {main}

[previous exception] [object] (PDOException(code: 42703): SQLSTATE[42703]: Undefined column: 7 ERROR:  column \"secret_2fa\" of relation \"facebook_accounts\" does not exist
LINE 1: update \"facebook_accounts\" set \"secret_2fa\" = $1, \"updated_a...
                                       ^ at /var/www/html/personal-projects/facebook-comments-admin2/vendor/laravel/framework/src/Illuminate/Database/Connection.php:526)
[stacktrace]
#0 /var/www/html/personal-projects/facebook-comments-admin2/vendor/laravel/framework/src/Illuminate/Database/Connection.php(526): PDOStatement->execute()
#1 /var/www/html/personal-projects/facebook-comments-admin2/vendor/laravel/framework/src/Illuminate/Database/Connection.php(705): Illuminate\\Database\\Connection->Illuminate\\Database\\{closure}()
#2 /var/www/html/personal-projects/facebook-comments-admin2/vendor/laravel/framework/src/Illuminate/Database/Connection.php(672): Illuminate\\Database\\Connection->runQueryCallback()
#3 /var/www/html/personal-projects/facebook-comments-admin2/vendor/laravel/framework/src/Illuminate/Database/Connection.php(533): Illuminate\\Database\\Connection->run()
#4 /var/www/html/personal-projects/facebook-comments-admin2/vendor/laravel/framework/src/Illuminate/Database/Connection.php(466): Illuminate\\Database\\Connection->affectingStatement()
#5 /var/www/html/personal-projects/facebook-comments-admin2/vendor/laravel/framework/src/Illuminate/Database/Query/Builder.php(3034): Illuminate\\Database\\Connection->update()
#6 /var/www/html/personal-projects/facebook-comments-admin2/vendor/laravel/framework/src/Illuminate/Database/Eloquent/Builder.php(919): Illuminate\\Database\\Query\\Builder->update()
#7 /var/www/html/personal-projects/facebook-comments-admin2/vendor/laravel/framework/src/Illuminate/Database/Eloquent/Model.php(1072): Illuminate\\Database\\Eloquent\\Builder->update()
#8 /var/www/html/personal-projects/facebook-comments-admin2/vendor/laravel/framework/src/Illuminate/Database/Eloquent/Model.php(987): Illuminate\\Database\\Eloquent\\Model->performUpdate()
#9 /var/www/html/personal-projects/facebook-comments-admin2/vendor/laravel/framework/src/Illuminate/Database/Eloquent/Model.php(885): Illuminate\\Database\\Eloquent\\Model->save()
#10 /var/www/html/personal-projects/facebook-comments-admin2/app/Domain/Services/AModelDomainService.php(37): Illuminate\\Database\\Eloquent\\Model->update()
#11 /var/www/html/personal-projects/facebook-comments-admin2/app/Http/Controllers/API/FacebookAccountController.php(61): App\\Domain\\Services\\AModelDomainService->update()
#12 /var/www/html/personal-projects/facebook-comments-admin2/vendor/laravel/framework/src/Illuminate/Routing/Controller.php(54): App\\Http\\Controllers\\API\\FacebookAccountController->update()
#13 /var/www/html/personal-projects/facebook-comments-admin2/vendor/laravel/framework/src/Illuminate/Routing/ControllerDispatcher.php(45): Illuminate\\Routing\\Controller->callAction()
#14 /var/www/html/personal-projects/facebook-comments-admin2/vendor/laravel/framework/src/Illuminate/Routing/Route.php(262): Illuminate\\Routing\\ControllerDispatcher->dispatch()
#15 /var/www/html/personal-projects/facebook-comments-admin2/vendor/laravel/framework/src/Illuminate/Routing/Route.php(205): Illuminate\\Routing\\Route->runController()
#16 /var/www/html/personal-projects/facebook-comments-admin2/vendor/laravel/framework/src/Illuminate/Routing/Router.php(721): Illuminate\\Routing\\Route->run()
#17 /var/www/html/personal-projects/facebook-comments-admin2/vendor/laravel/framework/src/Illuminate/Pipeline/Pipeline.php(128): Illuminate\\Routing\\Router->Illuminate\\Routing\\{closure}()
#18 /var/www/html/personal-projects/facebook-comments-admin2/vendor/laravel/framework/src/Illuminate/Routing/Middleware/SubstituteBindings.php(50): Illuminate\\Pipeline\\Pipeline->Illuminate\\Pipeline\\{closure}()
#19 /var/www/html/personal-projects/facebook-comments-admin2/vendor/laravel/framework/src/Illuminate/Pipeline/Pipeline.php(167): Illuminate\\Routing\\Middleware\\SubstituteBindings->handle()
#20 /var/www/html/personal-projects/facebook-comments-admin2/vendor/laravel/framework/src/Illuminate/Routing/Middleware/ThrottleRequests.php(127): Illuminate\\Pipeline\\Pipeline->Illuminate\\Pipeline\\{closure}()
#21 /var/www/html/personal-projects/facebook-comments-admin2/vendor/laravel/framework/src/Illuminate/Routing/Middleware/ThrottleRequests.php(103): Illuminate\\Routing\\Middleware\\ThrottleRequests->handleRequest()
#22 /var/www/html/personal-projects/facebook-comments-admin2/vendor/laravel/framework/src/Illuminate/Routing/Middleware/ThrottleRequests.php(55): Illuminate\\Routing\\Middleware\\ThrottleRequests->handleRequestUsingNamedLimiter()
#23 /var/www/html/personal-projects/facebook-comments-admin2/vendor/laravel/framework/src/Illuminate/Pipeline/Pipeline.php(167): Illuminate\\Routing\\Middleware\\ThrottleRequests->handle()
#24 /var/www/html/personal-projects/facebook-comments-admin2/vendor/laravel/framework/src/Illuminate/Auth/Middleware/Authenticate.php(44): Illuminate\\Pipeline\\Pipeline->Illuminate\\Pipeline\\{closure}()
#25 /var/www/html/personal-projects/facebook-comments-admin2/vendor/laravel/framework/src/Illuminate/Pipeline/Pipeline.php(167): Illuminate\\Auth\\Middleware\\Authenticate->handle()
#26 /var/www/html/personal-projects/facebook-comments-admin2/vendor/laravel/framework/src/Illuminate/Pipeline/Pipeline.php(103): Illuminate\\Pipeline\\Pipeline->Illuminate\\Pipeline\\{closure}()
#27 /var/www/html/personal-projects/facebook-comments-admin2/vendor/laravel/framework/src/Illuminate/Routing/Router.php(723): Illuminate\\Pipeline\\Pipeline->then()
#28 /var/www/html/personal-projects/facebook-comments-admin2/vendor/laravel/framework/src/Illuminate/Routing/Router.php(698): Illuminate\\Routing\\Router->runRouteWithinStack()
#29 /var/www/html/personal-projects/facebook-comments-admin2/vendor/laravel/framework/src/Illuminate/Routing/Router.php(662): Illuminate\\Routing\\Router->runRoute()
#30 /var/www/html/personal-projects/facebook-comments-admin2/vendor/laravel/framework/src/Illuminate/Routing/Router.php(651): Illuminate\\Routing\\Router->dispatchToRoute()
#31 /var/www/html/personal-projects/facebook-comments-admin2/vendor/laravel/framework/src/Illuminate/Foundation/Http/Kernel.php(167): Illuminate\\Routing\\Router->dispatch()
#32 /var/www/html/personal-projects/facebook-comments-admin2/vendor/laravel/framework/src/Illuminate/Pipeline/Pipeline.php(128): Illuminate\\Foundation\\Http\\Kernel->Illuminate\\Foundation\\Http\\{closure}()
#33 /var/www/html/personal-projects/facebook-comments-admin2/vendor/laravel/framework/src/Illuminate/Foundation/Http/Middleware/TransformsRequest.php(21): Illuminate\\Pipeline\\Pipeline->Illuminate\\Pipeline\\{closure}()
#34 /var/www/html/personal-projects/facebook-comments-admin2/vendor/laravel/framework/src/Illuminate/Foundation/Http/Middleware/ConvertEmptyStringsToNull.php(31): Illuminate\\Foundation\\Http\\Middleware\\TransformsRequest->handle()
#35 /var/www/html/personal-projects/facebook-comments-admin2/vendor/laravel/framework/src/Illuminate/Pipeline/Pipeline.php(167): Illuminate\\Foundation\\Http\\Middleware\\ConvertEmptyStringsToNull->handle()
#36 /var/www/html/personal-projects/facebook-comments-admin2/vendor/laravel/framework/src/Illuminate/Foundation/Http/Middleware/TransformsRequest.php(21): Illuminate\\Pipeline\\Pipeline->Illuminate\\Pipeline\\{closure}()
#37 /var/www/html/personal-projects/facebook-comments-admin2/vendor/laravel/framework/src/Illuminate/Foundation/Http/Middleware/TrimStrings.php(40): Illuminate\\Foundation\\Http\\Middleware\\TransformsRequest->handle()
#38 /var/www/html/personal-projects/facebook-comments-admin2/vendor/laravel/framework/src/Illuminate/Pipeline/Pipeline.php(167): Illuminate\\Foundation\\Http\\Middleware\\TrimStrings->handle()
#39 /var/www/html/personal-projects/facebook-comments-admin2/vendor/laravel/framework/src/Illuminate/Foundation/Http/Middleware/ValidatePostSize.php(27): Illuminate\\Pipeline\\Pipeline->Illuminate\\Pipeline\\{closure}()
#40 /var/www/html/personal-projects/facebook-comments-admin2/vendor/laravel/framework/src/Illuminate/Pipeline/Pipeline.php(167): Illuminate\\Foundation\\Http\\Middleware\\ValidatePostSize->handle()
#41 /var/www/html/personal-projects/facebook-comments-admin2/vendor/laravel/framework/src/Illuminate/Foundation/Http/Middleware/PreventRequestsDuringMaintenance.php(86): Illuminate\\Pipeline\\Pipeline->Illuminate\\Pipeline\\{closure}()
#42 /var/www/html/personal-projects/facebook-comments-admin2/vendor/laravel/framework/src/Illuminate/Pipeline/Pipeline.php(167): Illuminate\\Foundation\\Http\\Middleware\\PreventRequestsDuringMaintenance->handle()
#43 /var/www/html/personal-projects/facebook-comments-admin2/vendor/fruitcake/laravel-cors/src/HandleCors.php(52): Illuminate\\Pipeline\\Pipeline->Illuminate\\Pipeline\\{closure}()
#44 /var/www/html/personal-projects/facebook-comments-admin2/vendor/laravel/framework/src/Illuminate/Pipeline/Pipeline.php(167): Fruitcake\\Cors\\HandleCors->handle()
#45 /var/www/html/personal-projects/facebook-comments-admin2/vendor/fideloper/proxy/src/TrustProxies.php(57): Illuminate\\Pipeline\\Pipeline->Illuminate\\Pipeline\\{closure}()
#46 /var/www/html/personal-projects/facebook-comments-admin2/vendor/laravel/framework/src/Illuminate/Pipeline/Pipeline.php(167): Fideloper\\Proxy\\TrustProxies->handle()
#47 /var/www/html/personal-projects/facebook-comments-admin2/vendor/laravel/framework/src/Illuminate/Pipeline/Pipeline.php(103): Illuminate\\Pipeline\\Pipeline->Illuminate\\Pipeline\\{closure}()
#48 /var/www/html/personal-projects/facebook-comments-admin2/vendor/laravel/framework/src/Illuminate/Foundation/Http/Kernel.php(142): Illuminate\\Pipeline\\Pipeline->then()
#49 /var/www/html/personal-projects/facebook-comments-admin2/vendor/laravel/framework/src/Illuminate/Foundation/Http/Kernel.php(111): Illuminate\\Foundation\\Http\\Kernel->sendRequestThroughRouter()
#50 /var/www/html/personal-projects/facebook-comments-admin2/public/index.php(52): Illuminate\\Foundation\\Http\\Kernel->handle()
#51 /var/www/html/personal-projects/facebook-comments-admin2/server.php(21): require_once('...')
#52 {main}
"} 
[2022-01-22 22:34:02] local.ERROR: 'break' not in the 'loop' or 'switch' context {"exception":"[object] (Symfony\\Component\\ErrorHandler\\Error\\FatalError(code: 0): 'break' not in the 'loop' or 'switch' context at /var/www/html/personal-projects/facebook-comments-admin2/app/Http/Controllers/API/DashboardController.php:44)
[stacktrace]
#0 /var/www/html/personal-projects/facebook-comments-admin2/vendor/laravel/framework/src/Illuminate/Foundation/Bootstrap/HandleExceptions.php(217): Symfony\\Component\\ErrorHandler\\Error\\FatalError->__construct(message: '...', code: '...', error: '...', traceOffset: '...', traceArgs: '...', trace: '...')
#1 /var/www/html/personal-projects/facebook-comments-admin2/vendor/laravel/framework/src/Illuminate/Foundation/Bootstrap/HandleExceptions.php(204): Illuminate\\Foundation\\Bootstrap\\HandleExceptions->fatalErrorFromPhpError(error: '...', traceOffset: '...')
#2 /var/www/html/personal-projects/facebook-comments-admin2/vendor/laravel/framework/src/Illuminate/Foundation/Bootstrap/HandleExceptions.php(0): Illuminate\\Foundation\\Bootstrap\\HandleExceptions->handleShutdown()
#3 /var/www/html/personal-projects/facebook-comments-admin2/vendor/composer/ClassLoader.php(346): Composer\\Autoload\\includeFile(file: '...')
#4 /var/www/html/personal-projects/facebook-comments-admin2/vendor/laravel/framework/src/Illuminate/Container/Container.php(877): Composer\\Autoload\\ClassLoader->loadClass(class: '...')
#5 /var/www/html/personal-projects/facebook-comments-admin2/vendor/laravel/framework/src/Illuminate/Container/Container.php(877): ReflectionClass->__construct(objectOrClass: '...')
#6 /var/www/html/personal-projects/facebook-comments-admin2/vendor/laravel/framework/src/Illuminate/Container/Container.php(758): Illuminate\\Foundation\\Application->build(concrete: '...')
#7 /var/www/html/personal-projects/facebook-comments-admin2/vendor/laravel/framework/src/Illuminate/Foundation/Application.php(851): Illuminate\\Foundation\\Application->resolve(abstract: '...', parameters: '...', raiseEvents: '...')
#8 /var/www/html/personal-projects/facebook-comments-admin2/vendor/laravel/framework/src/Illuminate/Container/Container.php(694): Illuminate\\Foundation\\Application->resolve(abstract: '...', parameters: '...', raiseEvents: '...')
#9 /var/www/html/personal-projects/facebook-comments-admin2/vendor/laravel/framework/src/Illuminate/Foundation/Application.php(836): Illuminate\\Foundation\\Application->make(abstract: '...', parameters: '...')
#10 /var/www/html/personal-projects/facebook-comments-admin2/vendor/laravel/framework/src/Illuminate/Routing/Route.php(276): Illuminate\\Foundation\\Application->make(abstract: '...', parameters: '...')
#11 /var/www/html/personal-projects/facebook-comments-admin2/vendor/laravel/framework/src/Illuminate/Routing/Route.php(1069): Illuminate\\Routing\\Route->getController()
#12 /var/www/html/personal-projects/facebook-comments-admin2/vendor/laravel/framework/src/Illuminate/Routing/Route.php(1012): Illuminate\\Routing\\Route->controllerMiddleware()
#13 /var/www/html/personal-projects/facebook-comments-admin2/vendor/laravel/framework/src/Illuminate/Routing/Router.php(734): Illuminate\\Routing\\Route->gatherMiddleware()
#14 /var/www/html/personal-projects/facebook-comments-admin2/vendor/laravel/framework/src/Illuminate/Routing/Router.php(714): Illuminate\\Routing\\Router->gatherRouteMiddleware(route: '...')
#15 /var/www/html/personal-projects/facebook-comments-admin2/vendor/laravel/framework/src/Illuminate/Routing/Router.php(698): Illuminate\\Routing\\Router->runRouteWithinStack(route: '...', request: '...')
#16 /var/www/html/personal-projects/facebook-comments-admin2/vendor/laravel/framework/src/Illuminate/Routing/Router.php(662): Illuminate\\Routing\\Router->runRoute(request: '...', route: '...')
#17 /var/www/html/personal-projects/facebook-comments-admin2/vendor/laravel/framework/src/Illuminate/Routing/Router.php(651): Illuminate\\Routing\\Router->dispatchToRoute(request: '...')
#18 /var/www/html/personal-projects/facebook-comments-admin2/vendor/laravel/framework/src/Illuminate/Foundation/Http/Kernel.php(167): Illuminate\\Routing\\Router->dispatch(request: '...')
#19 /var/www/html/personal-projects/facebook-comments-admin2/vendor/laravel/framework/src/Illuminate/Pipeline/Pipeline.php(128): App\\Http\\Kernel->Illuminate\\Foundation\\Http\\{closure:/var/www/html/personal-projects/facebook-comments-admin2/vendor/laravel/framework/src/Illuminate/Foundation/Http/Kernel.php:164-168}(request: '...')
#20 /var/www/html/personal-projects/facebook-comments-admin2/vendor/laravel/framework/src/Illuminate/Foundation/Http/Middleware/TransformsRequest.php(21): Illuminate\\Routing\\Pipeline->Illuminate\\Pipeline\\{closure:/var/www/html/personal-projects/facebook-comments-admin2/vendor/laravel/framework/src/Illuminate/Pipeline/Pipeline.php:126-132}(passable: '...')
#21 /var/www/html/personal-projects/facebook-comments-admin2/vendor/laravel/framework/src/Illuminate/Foundation/Http/Middleware/ConvertEmptyStringsToNull.php(31): Illuminate\\Foundation\\Http\\Middleware\\ConvertEmptyStringsToNull->handle(request: '...', next: '...')
#22 /var/www/html/personal-projects/facebook-comments-admin2/vendor/laravel/framework/src/Illuminate/Pipeline/Pipeline.php(167): Illuminate\\Foundation\\Http\\Middleware\\ConvertEmptyStringsToNull->handle(request: '...', next: '...')
#23 /var/www/html/personal-projects/facebook-comments-admin2/vendor/laravel/framework/src/Illuminate/Foundation/Http/Middleware/TransformsRequest.php(21): Illuminate\\Routing\\Pipeline->Illuminate\\Pipeline\\{closure:/var/www/html/personal-projects/facebook-comments-admin2/vendor/laravel/framework/src/Illuminate/Pipeline/Pipeline.php:143-174}(passable: '...')
#24 /var/www/html/personal-projects/facebook-comments-admin2/vendor/laravel/framework/src/Illuminate/Foundation/Http/Middleware/TrimStrings.php(40): App\\Http\\Middleware\\TrimStrings->handle(request: '...', next: '...')
#25 /var/www/html/personal-projects/facebook-comments-admin2/vendor/laravel/framework/src/Illuminate/Pipeline/Pipeline.php(167): App\\Http\\Middleware\\TrimStrings->handle(request: '...', next: '...')
#26 /var/www/html/personal-projects/facebook-comments-admin2/vendor/laravel/framework/src/Illuminate/Foundation/Http/Middleware/ValidatePostSize.php(27): Illuminate\\Routing\\Pipeline->Illuminate\\Pipeline\\{closure:/var/www/html/personal-projects/facebook-comments-admin2/vendor/laravel/framework/src/Illuminate/Pipeline/Pipeline.php:143-174}(passable: '...')
#27 /var/www/html/personal-projects/facebook-comments-admin2/vendor/laravel/framework/src/Illuminate/Pipeline/Pipeline.php(167): Illuminate\\Foundation\\Http\\Middleware\\ValidatePostSize->handle(request: '...', next: '...')
#28 /var/www/html/personal-projects/facebook-comments-admin2/vendor/laravel/framework/src/Illuminate/Foundation/Http/Middleware/PreventRequestsDuringMaintenance.php(86): Illuminate\\Routing\\Pipeline->Illuminate\\Pipeline\\{closure:/var/www/html/personal-projects/facebook-comments-admin2/vendor/laravel/framework/src/Illuminate/Pipeline/Pipeline.php:143-174}(passable: '...')
#29 /var/www/html/personal-projects/facebook-comments-admin2/vendor/laravel/framework/src/Illuminate/Pipeline/Pipeline.php(167): App\\Http\\Middleware\\PreventRequestsDuringMaintenance->handle(request: '...', next: '...')
#30 /var/www/html/personal-projects/facebook-comments-admin2/vendor/fruitcake/laravel-cors/src/HandleCors.php(52): Illuminate\\Routing\\Pipeline->Illuminate\\Pipeline\\{closure:/var/www/html/personal-projects/facebook-comments-admin2/vendor/laravel/framework/src/Illuminate/Pipeline/Pipeline.php:143-174}(passable: '...')
#31 /var/www/html/personal-projects/facebook-comments-admin2/vendor/laravel/framework/src/Illuminate/Pipeline/Pipeline.php(167): Fruitcake\\Cors\\HandleCors->handle(request: '...', next: '...')
#32 /var/www/html/personal-projects/facebook-comments-admin2/vendor/fideloper/proxy/src/TrustProxies.php(57): Illuminate\\Routing\\Pipeline->Illuminate\\Pipeline\\{closure:/var/www/html/personal-projects/facebook-comments-admin2/vendor/laravel/framework/src/Illuminate/Pipeline/Pipeline.php:143-174}(passable: '...')
#33 /var/www/html/personal-projects/facebook-comments-admin2/vendor/laravel/framework/src/Illuminate/Pipeline/Pipeline.php(167): App\\Http\\Middleware\\TrustProxies->handle(request: '...', next: '...')
#34 /var/www/html/personal-projects/facebook-comments-admin2/vendor/laravel/framework/src/Illuminate/Pipeline/Pipeline.php(103): Illuminate\\Routing\\Pipeline->Illuminate\\Pipeline\\{closure:/var/www/html/personal-projects/facebook-comments-admin2/vendor/laravel/framework/src/Illuminate/Pipeline/Pipeline.php:143-174}(passable: '...')
#35 /var/www/html/personal-projects/facebook-comments-admin2/vendor/laravel/framework/src/Illuminate/Foundation/Http/Kernel.php(142): Illuminate\\Routing\\Pipeline->then(destination: '...')
#36 /var/www/html/personal-projects/facebook-comments-admin2/vendor/laravel/framework/src/Illuminate/Foundation/Http/Kernel.php(111): App\\Http\\Kernel->sendRequestThroughRouter(request: '...')
#37 /var/www/html/personal-projects/facebook-comments-admin2/public/index.php(52): App\\Http\\Kernel->handle(request: '...')
#38 /var/www/html/personal-projects/facebook-comments-admin2/server.php(21): ()
#39 /var/www/html/personal-projects/facebook-comments-admin2/server.php(0): {main}()
#40 {main}
"} 
[2022-01-22 22:36:45] local.ERROR: 'break' not in the 'loop' or 'switch' context {"exception":"[object] (Symfony\\Component\\ErrorHandler\\Error\\FatalError(code: 0): 'break' not in the 'loop' or 'switch' context at /var/www/html/personal-projects/facebook-comments-admin2/app/Http/Controllers/API/DashboardController.php:47)
[stacktrace]
#0 /var/www/html/personal-projects/facebook-comments-admin2/vendor/laravel/framework/src/Illuminate/Foundation/Bootstrap/HandleExceptions.php(217): Symfony\\Component\\ErrorHandler\\Error\\FatalError->__construct(message: '...', code: '...', error: '...', traceOffset: '...', traceArgs: '...', trace: '...')
#1 /var/www/html/personal-projects/facebook-comments-admin2/vendor/laravel/framework/src/Illuminate/Foundation/Bootstrap/HandleExceptions.php(204): Illuminate\\Foundation\\Bootstrap\\HandleExceptions->fatalErrorFromPhpError(error: '...', traceOffset: '...')
#2 /var/www/html/personal-projects/facebook-comments-admin2/vendor/laravel/framework/src/Illuminate/Foundation/Bootstrap/HandleExceptions.php(0): Illuminate\\Foundation\\Bootstrap\\HandleExceptions->handleShutdown()
#3 /var/www/html/personal-projects/facebook-comments-admin2/vendor/composer/ClassLoader.php(346): Composer\\Autoload\\includeFile(file: '...')
#4 /var/www/html/personal-projects/facebook-comments-admin2/vendor/laravel/framework/src/Illuminate/Container/Container.php(877): Composer\\Autoload\\ClassLoader->loadClass(class: '...')
#5 /var/www/html/personal-projects/facebook-comments-admin2/vendor/laravel/framework/src/Illuminate/Container/Container.php(877): ReflectionClass->__construct(objectOrClass: '...')
#6 /var/www/html/personal-projects/facebook-comments-admin2/vendor/laravel/framework/src/Illuminate/Container/Container.php(758): Illuminate\\Foundation\\Application->build(concrete: '...')
#7 /var/www/html/personal-projects/facebook-comments-admin2/vendor/laravel/framework/src/Illuminate/Foundation/Application.php(851): Illuminate\\Foundation\\Application->resolve(abstract: '...', parameters: '...', raiseEvents: '...')
#8 /var/www/html/personal-projects/facebook-comments-admin2/vendor/laravel/framework/src/Illuminate/Container/Container.php(694): Illuminate\\Foundation\\Application->resolve(abstract: '...', parameters: '...', raiseEvents: '...')
#9 /var/www/html/personal-projects/facebook-comments-admin2/vendor/laravel/framework/src/Illuminate/Foundation/Application.php(836): Illuminate\\Foundation\\Application->make(abstract: '...', parameters: '...')
#10 /var/www/html/personal-projects/facebook-comments-admin2/vendor/laravel/framework/src/Illuminate/Routing/Route.php(276): Illuminate\\Foundation\\Application->make(abstract: '...', parameters: '...')
#11 /var/www/html/personal-projects/facebook-comments-admin2/vendor/laravel/framework/src/Illuminate/Routing/Route.php(1069): Illuminate\\Routing\\Route->getController()
#12 /var/www/html/personal-projects/facebook-comments-admin2/vendor/laravel/framework/src/Illuminate/Routing/Route.php(1012): Illuminate\\Routing\\Route->controllerMiddleware()
#13 /var/www/html/personal-projects/facebook-comments-admin2/vendor/laravel/framework/src/Illuminate/Routing/Router.php(734): Illuminate\\Routing\\Route->gatherMiddleware()
#14 /var/www/html/personal-projects/facebook-comments-admin2/vendor/laravel/framework/src/Illuminate/Routing/Router.php(714): Illuminate\\Routing\\Router->gatherRouteMiddleware(route: '...')
#15 /var/www/html/personal-projects/facebook-comments-admin2/vendor/laravel/framework/src/Illuminate/Routing/Router.php(698): Illuminate\\Routing\\Router->runRouteWithinStack(route: '...', request: '...')
#16 /var/www/html/personal-projects/facebook-comments-admin2/vendor/laravel/framework/src/Illuminate/Routing/Router.php(662): Illuminate\\Routing\\Router->runRoute(request: '...', route: '...')
#17 /var/www/html/personal-projects/facebook-comments-admin2/vendor/laravel/framework/src/Illuminate/Routing/Router.php(651): Illuminate\\Routing\\Router->dispatchToRoute(request: '...')
#18 /var/www/html/personal-projects/facebook-comments-admin2/vendor/laravel/framework/src/Illuminate/Foundation/Http/Kernel.php(167): Illuminate\\Routing\\Router->dispatch(request: '...')
#19 /var/www/html/personal-projects/facebook-comments-admin2/vendor/laravel/framework/src/Illuminate/Pipeline/Pipeline.php(128): App\\Http\\Kernel->Illuminate\\Foundation\\Http\\{closure:/var/www/html/personal-projects/facebook-comments-admin2/vendor/laravel/framework/src/Illuminate/Foundation/Http/Kernel.php:164-168}(request: '...')
#20 /var/www/html/personal-projects/facebook-comments-admin2/vendor/laravel/framework/src/Illuminate/Foundation/Http/Middleware/TransformsRequest.php(21): Illuminate\\Routing\\Pipeline->Illuminate\\Pipeline\\{closure:/var/www/html/personal-projects/facebook-comments-admin2/vendor/laravel/framework/src/Illuminate/Pipeline/Pipeline.php:126-132}(passable: '...')
#21 /var/www/html/personal-projects/facebook-comments-admin2/vendor/laravel/framework/src/Illuminate/Foundation/Http/Middleware/ConvertEmptyStringsToNull.php(31): Illuminate\\Foundation\\Http\\Middleware\\ConvertEmptyStringsToNull->handle(request: '...', next: '...')
#22 /var/www/html/personal-projects/facebook-comments-admin2/vendor/laravel/framework/src/Illuminate/Pipeline/Pipeline.php(167): Illuminate\\Foundation\\Http\\Middleware\\ConvertEmptyStringsToNull->handle(request: '...', next: '...')
#23 /var/www/html/personal-projects/facebook-comments-admin2/vendor/laravel/framework/src/Illuminate/Foundation/Http/Middleware/TransformsRequest.php(21): Illuminate\\Routing\\Pipeline->Illuminate\\Pipeline\\{closure:/var/www/html/personal-projects/facebook-comments-admin2/vendor/laravel/framework/src/Illuminate/Pipeline/Pipeline.php:143-174}(passable: '...')
#24 /var/www/html/personal-projects/facebook-comments-admin2/vendor/laravel/framework/src/Illuminate/Foundation/Http/Middleware/TrimStrings.php(40): App\\Http\\Middleware\\TrimStrings->handle(request: '...', next: '...')
#25 /var/www/html/personal-projects/facebook-comments-admin2/vendor/laravel/framework/src/Illuminate/Pipeline/Pipeline.php(167): App\\Http\\Middleware\\TrimStrings->handle(request: '...', next: '...')
#26 /var/www/html/personal-projects/facebook-comments-admin2/vendor/laravel/framework/src/Illuminate/Foundation/Http/Middleware/ValidatePostSize.php(27): Illuminate\\Routing\\Pipeline->Illuminate\\Pipeline\\{closure:/var/www/html/personal-projects/facebook-comments-admin2/vendor/laravel/framework/src/Illuminate/Pipeline/Pipeline.php:143-174}(passable: '...')
#27 /var/www/html/personal-projects/facebook-comments-admin2/vendor/laravel/framework/src/Illuminate/Pipeline/Pipeline.php(167): Illuminate\\Foundation\\Http\\Middleware\\ValidatePostSize->handle(request: '...', next: '...')
#28 /var/www/html/personal-projects/facebook-comments-admin2/vendor/laravel/framework/src/Illuminate/Foundation/Http/Middleware/PreventRequestsDuringMaintenance.php(86): Illuminate\\Routing\\Pipeline->Illuminate\\Pipeline\\{closure:/var/www/html/personal-projects/facebook-comments-admin2/vendor/laravel/framework/src/Illuminate/Pipeline/Pipeline.php:143-174}(passable: '...')
#29 /var/www/html/personal-projects/facebook-comments-admin2/vendor/laravel/framework/src/Illuminate/Pipeline/Pipeline.php(167): App\\Http\\Middleware\\PreventRequestsDuringMaintenance->handle(request: '...', next: '...')
#30 /var/www/html/personal-projects/facebook-comments-admin2/vendor/fruitcake/laravel-cors/src/HandleCors.php(52): Illuminate\\Routing\\Pipeline->Illuminate\\Pipeline\\{closure:/var/www/html/personal-projects/facebook-comments-admin2/vendor/laravel/framework/src/Illuminate/Pipeline/Pipeline.php:143-174}(passable: '...')
#31 /var/www/html/personal-projects/facebook-comments-admin2/vendor/laravel/framework/src/Illuminate/Pipeline/Pipeline.php(167): Fruitcake\\Cors\\HandleCors->handle(request: '...', next: '...')
#32 /var/www/html/personal-projects/facebook-comments-admin2/vendor/fideloper/proxy/src/TrustProxies.php(57): Illuminate\\Routing\\Pipeline->Illuminate\\Pipeline\\{closure:/var/www/html/personal-projects/facebook-comments-admin2/vendor/laravel/framework/src/Illuminate/Pipeline/Pipeline.php:143-174}(passable: '...')
#33 /var/www/html/personal-projects/facebook-comments-admin2/vendor/laravel/framework/src/Illuminate/Pipeline/Pipeline.php(167): App\\Http\\Middleware\\TrustProxies->handle(request: '...', next: '...')
#34 /var/www/html/personal-projects/facebook-comments-admin2/vendor/laravel/framework/src/Illuminate/Pipeline/Pipeline.php(103): Illuminate\\Routing\\Pipeline->Illuminate\\Pipeline\\{closure:/var/www/html/personal-projects/facebook-comments-admin2/vendor/laravel/framework/src/Illuminate/Pipeline/Pipeline.php:143-174}(passable: '...')
#35 /var/www/html/personal-projects/facebook-comments-admin2/vendor/laravel/framework/src/Illuminate/Foundation/Http/Kernel.php(142): Illuminate\\Routing\\Pipeline->then(destination: '...')
#36 /var/www/html/personal-projects/facebook-comments-admin2/vendor/laravel/framework/src/Illuminate/Foundation/Http/Kernel.php(111): App\\Http\\Kernel->sendRequestThroughRouter(request: '...')
#37 /var/www/html/personal-projects/facebook-comments-admin2/public/index.php(52): App\\Http\\Kernel->handle(request: '...')
#38 /var/www/html/personal-projects/facebook-comments-admin2/server.php(21): ()
#39 /var/www/html/personal-projects/facebook-comments-admin2/server.php(0): {main}()
#40 {main}
"} 
[2022-01-22 22:49:52] local.ERROR: filemtime(): stat failed for /var/www/html/personal-projects/facebook-comments-admin2/.env {"exception":"[object] (ErrorException(code: 0): filemtime(): stat failed for /var/www/html/personal-projects/facebook-comments-admin2/.env at /var/www/html/personal-projects/facebook-comments-admin2/vendor/laravel/framework/src/Illuminate/Foundation/Console/ServeCommand.php:66)
[stacktrace]
#0 [internal function]: Illuminate\\Foundation\\Bootstrap\\HandleExceptions->handleError()
#1 /var/www/html/personal-projects/facebook-comments-admin2/vendor/laravel/framework/src/Illuminate/Foundation/Console/ServeCommand.php(66): filemtime()
#2 /var/www/html/personal-projects/facebook-comments-admin2/vendor/laravel/framework/src/Illuminate/Container/BoundMethod.php(36): Illuminate\\Foundation\\Console\\ServeCommand->handle()
#3 /var/www/html/personal-projects/facebook-comments-admin2/vendor/laravel/framework/src/Illuminate/Container/Util.php(40): Illuminate\\Container\\BoundMethod::Illuminate\\Container\\{closure}()
#4 /var/www/html/personal-projects/facebook-comments-admin2/vendor/laravel/framework/src/Illuminate/Container/BoundMethod.php(93): Illuminate\\Container\\Util::unwrapIfClosure()
#5 /var/www/html/personal-projects/facebook-comments-admin2/vendor/laravel/framework/src/Illuminate/Container/BoundMethod.php(37): Illuminate\\Container\\BoundMethod::callBoundMethod()
#6 /var/www/html/personal-projects/facebook-comments-admin2/vendor/laravel/framework/src/Illuminate/Container/Container.php(653): Illuminate\\Container\\BoundMethod::call()
#7 /var/www/html/personal-projects/facebook-comments-admin2/vendor/laravel/framework/src/Illuminate/Console/Command.php(136): Illuminate\\Container\\Container->call()
#8 /var/www/html/personal-projects/facebook-comments-admin2/vendor/symfony/console/Command/Command.php(298): Illuminate\\Console\\Command->execute()
#9 /var/www/html/personal-projects/facebook-comments-admin2/vendor/laravel/framework/src/Illuminate/Console/Command.php(121): Symfony\\Component\\Console\\Command\\Command->run()
#10 /var/www/html/personal-projects/facebook-comments-admin2/vendor/symfony/console/Application.php(1005): Illuminate\\Console\\Command->run()
#11 /var/www/html/personal-projects/facebook-comments-admin2/vendor/symfony/console/Application.php(299): Symfony\\Component\\Console\\Application->doRunCommand()
#12 /var/www/html/personal-projects/facebook-comments-admin2/vendor/symfony/console/Application.php(171): Symfony\\Component\\Console\\Application->doRun()
#13 /var/www/html/personal-projects/facebook-comments-admin2/vendor/laravel/framework/src/Illuminate/Console/Application.php(94): Symfony\\Component\\Console\\Application->run()
#14 /var/www/html/personal-projects/facebook-comments-admin2/vendor/laravel/framework/src/Illuminate/Foundation/Console/Kernel.php(129): Illuminate\\Console\\Application->run()
#15 /var/www/html/personal-projects/facebook-comments-admin2/artisan(37): Illuminate\\Foundation\\Console\\Kernel->handle()
#16 {main}
"} 
[2022-01-22 22:50:13] production.ERROR: Uncaught ErrorException: file_get_contents(/var/www/html/personal-projects/facebook-comments-admin2/composer.json): Failed to open stream: No such file or directory in /var/www/html/personal-projects/facebook-comments-admin2/vendor/laravel/framework/src/Illuminate/Foundation/Application.php:1399
Stack trace:
#0 [internal function]: Illuminate\Foundation\Bootstrap\HandleExceptions->handleError()
#1 /var/www/html/personal-projects/facebook-comments-admin2/vendor/laravel/framework/src/Illuminate/Foundation/Application.php(1399): file_get_contents()
#2 Command line code(1): Illuminate\Foundation\Application->getNamespace()
#3 [internal function]: {closure}()
#4 Command line code(1): array_map()
#5 {main}
  thrown {"exception":"[object] (Symfony\\Component\\ErrorHandler\\Error\\FatalError(code: 0): Uncaught ErrorException: file_get_contents(/var/www/html/personal-projects/facebook-comments-admin2/composer.json): Failed to open stream: No such file or directory in /var/www/html/personal-projects/facebook-comments-admin2/vendor/laravel/framework/src/Illuminate/Foundation/Application.php:1399
Stack trace:
#0 [internal function]: Illuminate\\Foundation\\Bootstrap\\HandleExceptions->handleError()
#1 /var/www/html/personal-projects/facebook-comments-admin2/vendor/laravel/framework/src/Illuminate/Foundation/Application.php(1399): file_get_contents()
#2 Command line code(1): Illuminate\\Foundation\\Application->getNamespace()
#3 [internal function]: {closure}()
#4 Command line code(1): array_map()
#5 {main}
  thrown at /var/www/html/personal-projects/facebook-comments-admin2/vendor/laravel/framework/src/Illuminate/Foundation/Application.php:1399)
[stacktrace]
#0 /var/www/html/personal-projects/facebook-comments-admin2/vendor/laravel/framework/src/Illuminate/Foundation/Bootstrap/HandleExceptions.php(217): Symfony\\Component\\ErrorHandler\\Error\\FatalError->__construct(message: '...', code: '...', error: '...', traceOffset: '...', traceArgs: '...', trace: '...')
#1 /var/www/html/personal-projects/facebook-comments-admin2/vendor/laravel/framework/src/Illuminate/Foundation/Bootstrap/HandleExceptions.php(204): Illuminate\\Foundation\\Bootstrap\\HandleExceptions->fatalErrorFromPhpError(error: '...', traceOffset: '...')
#2 /var/www/html/personal-projects/facebook-comments-admin2/vendor/laravel/framework/src/Illuminate/Foundation/Bootstrap/HandleExceptions.php(0): Illuminate\\Foundation\\Bootstrap\\HandleExceptions->handleShutdown()
#3 {main}
"} 
